{"/Users/baronliu/Desktop/baron/palettebackend/API/router/auth/authrouter.js": {"path":"/Users/baronliu/Desktop/baron/palettebackend/API/router/auth/authrouter.js","statementMap":{"0":{"start":{"line":14,"column":0},"end":{"line":14,"column":16}},"1":{"start":{"line":16,"column":15},"end":{"line":16,"column":31}},"2":{"start":{"line":18,"column":15},"end":{"line":22,"column":1}},"3":{"start":{"line":24,"column":21},"end":{"line":24,"column":45}},"4":{"start":{"line":25,"column":26},"end":{"line":25,"column":55}},"5":{"start":{"line":27,"column":0},"end":{"line":52,"column":3}},"6":{"start":{"line":28,"column":2},"end":{"line":51,"column":3}},"7":{"start":{"line":30,"column":6},"end":{"line":40,"column":8}},"8":{"start":{"line":42,"column":4},"end":{"line":44,"column":5}},"9":{"start":{"line":43,"column":6},"end":{"line":43,"column":71}},"10":{"start":{"line":46,"column":4},"end":{"line":48,"column":5}},"11":{"start":{"line":47,"column":6},"end":{"line":47,"column":37}},"12":{"start":{"line":50,"column":4},"end":{"line":50,"column":70}},"13":{"start":{"line":54,"column":0},"end":{"line":78,"column":3}},"14":{"start":{"line":55,"column":2},"end":{"line":77,"column":3}},"15":{"start":{"line":57,"column":6},"end":{"line":67,"column":8}},"16":{"start":{"line":68,"column":4},"end":{"line":70,"column":5}},"17":{"start":{"line":69,"column":6},"end":{"line":69,"column":71}},"18":{"start":{"line":72,"column":4},"end":{"line":74,"column":5}},"19":{"start":{"line":73,"column":6},"end":{"line":73,"column":37}},"20":{"start":{"line":76,"column":4},"end":{"line":76,"column":70}},"21":{"start":{"line":80,"column":0},"end":{"line":103,"column":3}},"22":{"start":{"line":81,"column":2},"end":{"line":102,"column":3}},"23":{"start":{"line":83,"column":6},"end":{"line":92,"column":8}},"24":{"start":{"line":93,"column":4},"end":{"line":95,"column":5}},"25":{"start":{"line":94,"column":6},"end":{"line":94,"column":71}},"26":{"start":{"line":97,"column":4},"end":{"line":99,"column":5}},"27":{"start":{"line":98,"column":6},"end":{"line":98,"column":37}},"28":{"start":{"line":101,"column":4},"end":{"line":101,"column":70}},"29":{"start":{"line":105,"column":0},"end":{"line":169,"column":3}},"30":{"start":{"line":106,"column":15},"end":{"line":106,"column":28}},"31":{"start":{"line":108,"column":2},"end":{"line":168,"column":3}},"32":{"start":{"line":110,"column":6},"end":{"line":110,"column":54}},"33":{"start":{"line":112,"column":4},"end":{"line":116,"column":5}},"34":{"start":{"line":113,"column":6},"end":{"line":115,"column":66}},"35":{"start":{"line":117,"column":24},"end":{"line":117,"column":33}},"36":{"start":{"line":118,"column":17},"end":{"line":118,"column":29}},"37":{"start":{"line":120,"column":27},"end":{"line":124,"column":6}},"38":{"start":{"line":126,"column":40},"end":{"line":130,"column":15}},"39":{"start":{"line":132,"column":4},"end":{"line":159,"column":5}},"40":{"start":{"line":133,"column":6},"end":{"line":158,"column":7}},"41":{"start":{"line":134,"column":47},"end":{"line":142,"column":12}},"42":{"start":{"line":143,"column":8},"end":{"line":145,"column":9}},"43":{"start":{"line":144,"column":10},"end":{"line":144,"column":61}},"44":{"start":{"line":147,"column":47},"end":{"line":154,"column":12}},"45":{"start":{"line":155,"column":8},"end":{"line":157,"column":9}},"46":{"start":{"line":156,"column":10},"end":{"line":156,"column":61}},"47":{"start":{"line":161,"column":4},"end":{"line":165,"column":7}},"48":{"start":{"line":167,"column":4},"end":{"line":167,"column":70}},"49":{"start":{"line":172,"column":0},"end":{"line":246,"column":3}},"50":{"start":{"line":173,"column":15},"end":{"line":173,"column":28}},"51":{"start":{"line":175,"column":2},"end":{"line":177,"column":3}},"52":{"start":{"line":176,"column":4},"end":{"line":176,"column":65}},"53":{"start":{"line":179,"column":2},"end":{"line":245,"column":3}},"54":{"start":{"line":181,"column":6},"end":{"line":181,"column":54}},"55":{"start":{"line":182,"column":4},"end":{"line":186,"column":5}},"56":{"start":{"line":183,"column":6},"end":{"line":185,"column":66}},"57":{"start":{"line":188,"column":24},"end":{"line":188,"column":33}},"58":{"start":{"line":189,"column":17},"end":{"line":189,"column":29}},"59":{"start":{"line":191,"column":27},"end":{"line":195,"column":6}},"60":{"start":{"line":197,"column":40},"end":{"line":201,"column":15}},"61":{"start":{"line":203,"column":4},"end":{"line":209,"column":5}},"62":{"start":{"line":204,"column":6},"end":{"line":208,"column":9}},"63":{"start":{"line":211,"column":4},"end":{"line":236,"column":5}},"64":{"start":{"line":212,"column":45},"end":{"line":220,"column":10}},"65":{"start":{"line":221,"column":6},"end":{"line":223,"column":7}},"66":{"start":{"line":222,"column":8},"end":{"line":222,"column":59}},"67":{"start":{"line":225,"column":45},"end":{"line":232,"column":10}},"68":{"start":{"line":233,"column":6},"end":{"line":235,"column":7}},"69":{"start":{"line":234,"column":8},"end":{"line":234,"column":59}},"70":{"start":{"line":238,"column":4},"end":{"line":242,"column":7}},"71":{"start":{"line":244,"column":4},"end":{"line":244,"column":70}},"72":{"start":{"line":248,"column":0},"end":{"line":269,"column":3}},"73":{"start":{"line":249,"column":27},"end":{"line":249,"column":35}},"74":{"start":{"line":250,"column":2},"end":{"line":268,"column":3}},"75":{"start":{"line":252,"column":6},"end":{"line":254,"column":8}},"76":{"start":{"line":256,"column":4},"end":{"line":260,"column":5}},"77":{"start":{"line":257,"column":6},"end":{"line":259,"column":63}},"78":{"start":{"line":262,"column":4},"end":{"line":265,"column":7}},"79":{"start":{"line":267,"column":4},"end":{"line":267,"column":70}},"80":{"start":{"line":271,"column":0},"end":{"line":288,"column":3}},"81":{"start":{"line":272,"column":27},"end":{"line":272,"column":35}},"82":{"start":{"line":274,"column":2},"end":{"line":287,"column":3}},"83":{"start":{"line":275,"column":36},"end":{"line":278,"column":5}},"84":{"start":{"line":280,"column":4},"end":{"line":282,"column":5}},"85":{"start":{"line":281,"column":6},"end":{"line":281,"column":69}},"86":{"start":{"line":284,"column":4},"end":{"line":284,"column":72}},"87":{"start":{"line":286,"column":4},"end":{"line":286,"column":70}},"88":{"start":{"line":290,"column":0},"end":{"line":318,"column":3}},"89":{"start":{"line":291,"column":2},"end":{"line":317,"column":3}},"90":{"start":{"line":292,"column":23},"end":{"line":292,"column":48}},"91":{"start":{"line":294,"column":4},"end":{"line":296,"column":5}},"92":{"start":{"line":295,"column":6},"end":{"line":295,"column":79}},"93":{"start":{"line":298,"column":18},"end":{"line":298,"column":42}},"94":{"start":{"line":299,"column":4},"end":{"line":301,"column":5}},"95":{"start":{"line":300,"column":6},"end":{"line":300,"column":80}},"96":{"start":{"line":303,"column":21},"end":{"line":303,"column":55}},"97":{"start":{"line":304,"column":4},"end":{"line":308,"column":5}},"98":{"start":{"line":305,"column":6},"end":{"line":307,"column":70}},"99":{"start":{"line":310,"column":4},"end":{"line":312,"column":64}},"100":{"start":{"line":314,"column":4},"end":{"line":316,"column":66}},"101":{"start":{"line":320,"column":0},"end":{"line":338,"column":3}},"102":{"start":{"line":321,"column":17},"end":{"line":321,"column":29}},"103":{"start":{"line":322,"column":2},"end":{"line":337,"column":3}},"104":{"start":{"line":323,"column":55},"end":{"line":327,"column":15}},"105":{"start":{"line":328,"column":4},"end":{"line":330,"column":5}},"106":{"start":{"line":329,"column":6},"end":{"line":329,"column":62}},"107":{"start":{"line":332,"column":4},"end":{"line":334,"column":63}},"108":{"start":{"line":336,"column":4},"end":{"line":336,"column":70}},"109":{"start":{"line":341,"column":0},"end":{"line":403,"column":3}},"110":{"start":{"line":347,"column":6},"end":{"line":347,"column":14}},"111":{"start":{"line":349,"column":17},"end":{"line":349,"column":29}},"112":{"start":{"line":350,"column":53},"end":{"line":354,"column":13}},"113":{"start":{"line":356,"column":2},"end":{"line":358,"column":3}},"114":{"start":{"line":357,"column":4},"end":{"line":357,"column":64}},"115":{"start":{"line":360,"column":2},"end":{"line":364,"column":3}},"116":{"start":{"line":361,"column":4},"end":{"line":363,"column":7}},"117":{"start":{"line":366,"column":2},"end":{"line":374,"column":3}},"118":{"start":{"line":373,"column":4},"end":{"line":373,"column":71}},"119":{"start":{"line":376,"column":2},"end":{"line":378,"column":3}},"120":{"start":{"line":377,"column":4},"end":{"line":377,"column":66}},"121":{"start":{"line":380,"column":2},"end":{"line":402,"column":3}},"122":{"start":{"line":381,"column":38},"end":{"line":381,"column":62}},"123":{"start":{"line":382,"column":23},"end":{"line":382,"column":74}},"124":{"start":{"line":383,"column":36},"end":{"line":394,"column":28}},"125":{"start":{"line":396,"column":4},"end":{"line":398,"column":5}},"126":{"start":{"line":397,"column":6},"end":{"line":397,"column":67}},"127":{"start":{"line":399,"column":4},"end":{"line":399,"column":78}},"128":{"start":{"line":401,"column":4},"end":{"line":401,"column":70}},"129":{"start":{"line":405,"column":0},"end":{"line":435,"column":3}},"130":{"start":{"line":406,"column":21},"end":{"line":406,"column":46}},"131":{"start":{"line":408,"column":2},"end":{"line":410,"column":3}},"132":{"start":{"line":409,"column":4},"end":{"line":409,"column":73}},"133":{"start":{"line":412,"column":22},"end":{"line":412,"column":46}},"134":{"start":{"line":414,"column":2},"end":{"line":434,"column":3}},"135":{"start":{"line":416,"column":6},"end":{"line":416,"column":56}},"136":{"start":{"line":418,"column":4},"end":{"line":420,"column":5}},"137":{"start":{"line":419,"column":6},"end":{"line":419,"column":63}},"138":{"start":{"line":422,"column":51},"end":{"line":426,"column":15}},"139":{"start":{"line":428,"column":4},"end":{"line":430,"column":5}},"140":{"start":{"line":429,"column":6},"end":{"line":429,"column":74}},"141":{"start":{"line":431,"column":4},"end":{"line":431,"column":45}},"142":{"start":{"line":433,"column":4},"end":{"line":433,"column":70}},"143":{"start":{"line":437,"column":0},"end":{"line":474,"column":3}},"144":{"start":{"line":438,"column":21},"end":{"line":438,"column":46}},"145":{"start":{"line":440,"column":2},"end":{"line":442,"column":3}},"146":{"start":{"line":441,"column":4},"end":{"line":441,"column":66}},"147":{"start":{"line":444,"column":22},"end":{"line":444,"column":46}},"148":{"start":{"line":446,"column":2},"end":{"line":473,"column":3}},"149":{"start":{"line":450,"column":8},"end":{"line":450,"column":48}},"150":{"start":{"line":452,"column":4},"end":{"line":454,"column":5}},"151":{"start":{"line":453,"column":6},"end":{"line":453,"column":63}},"152":{"start":{"line":456,"column":51},"end":{"line":460,"column":15}},"153":{"start":{"line":461,"column":4},"end":{"line":463,"column":5}},"154":{"start":{"line":462,"column":6},"end":{"line":462,"column":74}},"155":{"start":{"line":465,"column":4},"end":{"line":470,"column":7}},"156":{"start":{"line":472,"column":4},"end":{"line":472,"column":70}},"157":{"start":{"line":476,"column":0},"end":{"line":493,"column":3}},"158":{"start":{"line":477,"column":17},"end":{"line":477,"column":29}},"159":{"start":{"line":478,"column":2},"end":{"line":492,"column":3}},"160":{"start":{"line":479,"column":51},"end":{"line":483,"column":15}},"161":{"start":{"line":485,"column":4},"end":{"line":487,"column":5}},"162":{"start":{"line":486,"column":6},"end":{"line":486,"column":62}},"163":{"start":{"line":489,"column":4},"end":{"line":489,"column":45}},"164":{"start":{"line":491,"column":4},"end":{"line":491,"column":70}},"165":{"start":{"line":495,"column":0},"end":{"line":557,"column":3}},"166":{"start":{"line":496,"column":61},"end":{"line":496,"column":69}},"167":{"start":{"line":497,"column":17},"end":{"line":497,"column":29}},"168":{"start":{"line":499,"column":49},"end":{"line":503,"column":13}},"169":{"start":{"line":505,"column":2},"end":{"line":507,"column":3}},"170":{"start":{"line":506,"column":4},"end":{"line":506,"column":60}},"171":{"start":{"line":508,"column":2},"end":{"line":523,"column":3}},"172":{"start":{"line":509,"column":23},"end":{"line":509,"column":56}},"173":{"start":{"line":510,"column":16},"end":{"line":510,"column":26}},"174":{"start":{"line":511,"column":21},"end":{"line":511,"column":44}},"175":{"start":{"line":513,"column":19},"end":{"line":513,"column":35}},"176":{"start":{"line":515,"column":4},"end":{"line":522,"column":5}},"177":{"start":{"line":516,"column":32},"end":{"line":516,"column":73}},"178":{"start":{"line":518,"column":6},"end":{"line":521,"column":9}},"179":{"start":{"line":525,"column":2},"end":{"line":527,"column":3}},"180":{"start":{"line":526,"column":4},"end":{"line":526,"column":71}},"181":{"start":{"line":529,"column":2},"end":{"line":531,"column":3}},"182":{"start":{"line":530,"column":4},"end":{"line":530,"column":66}},"183":{"start":{"line":533,"column":2},"end":{"line":556,"column":3}},"184":{"start":{"line":534,"column":38},"end":{"line":534,"column":62}},"185":{"start":{"line":536,"column":23},"end":{"line":536,"column":74}},"186":{"start":{"line":538,"column":35},"end":{"line":547,"column":28}},"187":{"start":{"line":549,"column":4},"end":{"line":551,"column":5}},"188":{"start":{"line":550,"column":6},"end":{"line":550,"column":67}},"189":{"start":{"line":553,"column":4},"end":{"line":553,"column":79}},"190":{"start":{"line":555,"column":4},"end":{"line":555,"column":70}},"191":{"start":{"line":559,"column":0},"end":{"line":578,"column":3}},"192":{"start":{"line":560,"column":24},"end":{"line":560,"column":32}},"193":{"start":{"line":561,"column":2},"end":{"line":577,"column":3}},"194":{"start":{"line":562,"column":4},"end":{"line":564,"column":5}},"195":{"start":{"line":563,"column":6},"end":{"line":563,"column":67}},"196":{"start":{"line":566,"column":4},"end":{"line":566,"column":27}},"197":{"start":{"line":567,"column":17},"end":{"line":572,"column":7}},"198":{"start":{"line":567,"column":43},"end":{"line":572,"column":5}},"199":{"start":{"line":573,"column":4},"end":{"line":573,"column":35}},"200":{"start":{"line":574,"column":4},"end":{"line":574,"column":55}},"201":{"start":{"line":576,"column":4},"end":{"line":576,"column":70}},"202":{"start":{"line":580,"column":0},"end":{"line":630,"column":3}},"203":{"start":{"line":581,"column":17},"end":{"line":581,"column":29}},"204":{"start":{"line":583,"column":2},"end":{"line":629,"column":3}},"205":{"start":{"line":584,"column":18},"end":{"line":587,"column":6}},"206":{"start":{"line":589,"column":24},"end":{"line":596,"column":6}},"207":{"start":{"line":598,"column":21},"end":{"line":605,"column":6}},"208":{"start":{"line":607,"column":4},"end":{"line":607,"column":26}},"209":{"start":{"line":609,"column":28},"end":{"line":609,"column":44}},"210":{"start":{"line":611,"column":24},"end":{"line":611,"column":48}},"211":{"start":{"line":612,"column":42},"end":{"line":619,"column":28}},"212":{"start":{"line":621,"column":4},"end":{"line":623,"column":5}},"213":{"start":{"line":622,"column":6},"end":{"line":622,"column":75}},"214":{"start":{"line":625,"column":4},"end":{"line":625,"column":56}},"215":{"start":{"line":627,"column":4},"end":{"line":627,"column":21}},"216":{"start":{"line":628,"column":4},"end":{"line":628,"column":70}}},"fnMap":{"0":{"name":"(anonymous_0)","decl":{"start":{"line":27,"column":34},"end":{"line":27,"column":35}},"loc":{"start":{"line":27,"column":54},"end":{"line":52,"column":1}},"line":27},"1":{"name":"(anonymous_1)","decl":{"start":{"line":54,"column":34},"end":{"line":54,"column":35}},"loc":{"start":{"line":54,"column":54},"end":{"line":78,"column":1}},"line":54},"2":{"name":"(anonymous_2)","decl":{"start":{"line":80,"column":34},"end":{"line":80,"column":35}},"loc":{"start":{"line":80,"column":54},"end":{"line":103,"column":1}},"line":80},"3":{"name":"(anonymous_3)","decl":{"start":{"line":105,"column":37},"end":{"line":105,"column":38}},"loc":{"start":{"line":105,"column":57},"end":{"line":169,"column":1}},"line":105},"4":{"name":"(anonymous_4)","decl":{"start":{"line":172,"column":40},"end":{"line":172,"column":41}},"loc":{"start":{"line":172,"column":60},"end":{"line":246,"column":1}},"line":172},"5":{"name":"(anonymous_5)","decl":{"start":{"line":248,"column":30},"end":{"line":248,"column":31}},"loc":{"start":{"line":248,"column":50},"end":{"line":269,"column":1}},"line":248},"6":{"name":"(anonymous_6)","decl":{"start":{"line":271,"column":25},"end":{"line":271,"column":26}},"loc":{"start":{"line":271,"column":45},"end":{"line":288,"column":1}},"line":271},"7":{"name":"(anonymous_7)","decl":{"start":{"line":290,"column":32},"end":{"line":290,"column":33}},"loc":{"start":{"line":290,"column":52},"end":{"line":318,"column":1}},"line":290},"8":{"name":"(anonymous_8)","decl":{"start":{"line":320,"column":52},"end":{"line":320,"column":53}},"loc":{"start":{"line":320,"column":72},"end":{"line":338,"column":1}},"line":320},"9":{"name":"(anonymous_9)","decl":{"start":{"line":341,"column":38},"end":{"line":341,"column":39}},"loc":{"start":{"line":341,"column":58},"end":{"line":403,"column":1}},"line":341},"10":{"name":"(anonymous_10)","decl":{"start":{"line":405,"column":24},"end":{"line":405,"column":25}},"loc":{"start":{"line":405,"column":44},"end":{"line":435,"column":1}},"line":405},"11":{"name":"(anonymous_11)","decl":{"start":{"line":437,"column":50},"end":{"line":437,"column":51}},"loc":{"start":{"line":437,"column":70},"end":{"line":474,"column":1}},"line":437},"12":{"name":"(anonymous_12)","decl":{"start":{"line":476,"column":39},"end":{"line":476,"column":40}},"loc":{"start":{"line":476,"column":59},"end":{"line":493,"column":1}},"line":476},"13":{"name":"(anonymous_13)","decl":{"start":{"line":495,"column":44},"end":{"line":495,"column":45}},"loc":{"start":{"line":495,"column":64},"end":{"line":557,"column":1}},"line":495},"14":{"name":"(anonymous_14)","decl":{"start":{"line":559,"column":59},"end":{"line":559,"column":60}},"loc":{"start":{"line":559,"column":79},"end":{"line":578,"column":1}},"line":559},"15":{"name":"(anonymous_15)","decl":{"start":{"line":567,"column":31},"end":{"line":567,"column":32}},"loc":{"start":{"line":567,"column":43},"end":{"line":572,"column":5}},"line":567},"16":{"name":"(anonymous_16)","decl":{"start":{"line":580,"column":44},"end":{"line":580,"column":45}},"loc":{"start":{"line":580,"column":64},"end":{"line":630,"column":1}},"line":580}},"branchMap":{"0":{"loc":{"start":{"line":42,"column":4},"end":{"line":44,"column":5}},"type":"if","locations":[{"start":{"line":42,"column":4},"end":{"line":44,"column":5}},{"start":{},"end":{}}],"line":42},"1":{"loc":{"start":{"line":46,"column":4},"end":{"line":48,"column":5}},"type":"if","locations":[{"start":{"line":46,"column":4},"end":{"line":48,"column":5}},{"start":{},"end":{}}],"line":46},"2":{"loc":{"start":{"line":68,"column":4},"end":{"line":70,"column":5}},"type":"if","locations":[{"start":{"line":68,"column":4},"end":{"line":70,"column":5}},{"start":{},"end":{}}],"line":68},"3":{"loc":{"start":{"line":72,"column":4},"end":{"line":74,"column":5}},"type":"if","locations":[{"start":{"line":72,"column":4},"end":{"line":74,"column":5}},{"start":{},"end":{}}],"line":72},"4":{"loc":{"start":{"line":93,"column":4},"end":{"line":95,"column":5}},"type":"if","locations":[{"start":{"line":93,"column":4},"end":{"line":95,"column":5}},{"start":{},"end":{}}],"line":93},"5":{"loc":{"start":{"line":97,"column":4},"end":{"line":99,"column":5}},"type":"if","locations":[{"start":{"line":97,"column":4},"end":{"line":99,"column":5}},{"start":{},"end":{}}],"line":97},"6":{"loc":{"start":{"line":112,"column":4},"end":{"line":116,"column":5}},"type":"if","locations":[{"start":{"line":112,"column":4},"end":{"line":116,"column":5}},{"start":{},"end":{}}],"line":112},"7":{"loc":{"start":{"line":112,"column":8},"end":{"line":112,"column":45}},"type":"binary-expr","locations":[{"start":{"line":112,"column":8},"end":{"line":112,"column":22}},{"start":{"line":112,"column":26},"end":{"line":112,"column":45}}],"line":112},"8":{"loc":{"start":{"line":132,"column":4},"end":{"line":159,"column":5}},"type":"if","locations":[{"start":{"line":132,"column":4},"end":{"line":159,"column":5}},{"start":{},"end":{}}],"line":132},"9":{"loc":{"start":{"line":133,"column":6},"end":{"line":158,"column":7}},"type":"if","locations":[{"start":{"line":133,"column":6},"end":{"line":158,"column":7}},{"start":{"line":146,"column":13},"end":{"line":158,"column":7}}],"line":133},"10":{"loc":{"start":{"line":143,"column":8},"end":{"line":145,"column":9}},"type":"if","locations":[{"start":{"line":143,"column":8},"end":{"line":145,"column":9}},{"start":{},"end":{}}],"line":143},"11":{"loc":{"start":{"line":155,"column":8},"end":{"line":157,"column":9}},"type":"if","locations":[{"start":{"line":155,"column":8},"end":{"line":157,"column":9}},{"start":{},"end":{}}],"line":155},"12":{"loc":{"start":{"line":175,"column":2},"end":{"line":177,"column":3}},"type":"if","locations":[{"start":{"line":175,"column":2},"end":{"line":177,"column":3}},{"start":{},"end":{}}],"line":175},"13":{"loc":{"start":{"line":182,"column":4},"end":{"line":186,"column":5}},"type":"if","locations":[{"start":{"line":182,"column":4},"end":{"line":186,"column":5}},{"start":{},"end":{}}],"line":182},"14":{"loc":{"start":{"line":182,"column":8},"end":{"line":182,"column":45}},"type":"binary-expr","locations":[{"start":{"line":182,"column":8},"end":{"line":182,"column":22}},{"start":{"line":182,"column":26},"end":{"line":182,"column":45}}],"line":182},"15":{"loc":{"start":{"line":203,"column":4},"end":{"line":209,"column":5}},"type":"if","locations":[{"start":{"line":203,"column":4},"end":{"line":209,"column":5}},{"start":{},"end":{}}],"line":203},"16":{"loc":{"start":{"line":211,"column":4},"end":{"line":236,"column":5}},"type":"if","locations":[{"start":{"line":211,"column":4},"end":{"line":236,"column":5}},{"start":{"line":224,"column":11},"end":{"line":236,"column":5}}],"line":211},"17":{"loc":{"start":{"line":221,"column":6},"end":{"line":223,"column":7}},"type":"if","locations":[{"start":{"line":221,"column":6},"end":{"line":223,"column":7}},{"start":{},"end":{}}],"line":221},"18":{"loc":{"start":{"line":233,"column":6},"end":{"line":235,"column":7}},"type":"if","locations":[{"start":{"line":233,"column":6},"end":{"line":235,"column":7}},{"start":{},"end":{}}],"line":233},"19":{"loc":{"start":{"line":256,"column":4},"end":{"line":260,"column":5}},"type":"if","locations":[{"start":{"line":256,"column":4},"end":{"line":260,"column":5}},{"start":{},"end":{}}],"line":256},"20":{"loc":{"start":{"line":256,"column":8},"end":{"line":256,"column":36}},"type":"binary-expr","locations":[{"start":{"line":256,"column":8},"end":{"line":256,"column":22}},{"start":{"line":256,"column":26},"end":{"line":256,"column":36}}],"line":256},"21":{"loc":{"start":{"line":280,"column":4},"end":{"line":282,"column":5}},"type":"if","locations":[{"start":{"line":280,"column":4},"end":{"line":282,"column":5}},{"start":{},"end":{}}],"line":280},"22":{"loc":{"start":{"line":294,"column":4},"end":{"line":296,"column":5}},"type":"if","locations":[{"start":{"line":294,"column":4},"end":{"line":296,"column":5}},{"start":{},"end":{}}],"line":294},"23":{"loc":{"start":{"line":299,"column":4},"end":{"line":301,"column":5}},"type":"if","locations":[{"start":{"line":299,"column":4},"end":{"line":301,"column":5}},{"start":{},"end":{}}],"line":299},"24":{"loc":{"start":{"line":304,"column":4},"end":{"line":308,"column":5}},"type":"if","locations":[{"start":{"line":304,"column":4},"end":{"line":308,"column":5}},{"start":{},"end":{}}],"line":304},"25":{"loc":{"start":{"line":328,"column":4},"end":{"line":330,"column":5}},"type":"if","locations":[{"start":{"line":328,"column":4},"end":{"line":330,"column":5}},{"start":{},"end":{}}],"line":328},"26":{"loc":{"start":{"line":356,"column":2},"end":{"line":358,"column":3}},"type":"if","locations":[{"start":{"line":356,"column":2},"end":{"line":358,"column":3}},{"start":{},"end":{}}],"line":356},"27":{"loc":{"start":{"line":360,"column":2},"end":{"line":364,"column":3}},"type":"if","locations":[{"start":{"line":360,"column":2},"end":{"line":364,"column":3}},{"start":{},"end":{}}],"line":360},"28":{"loc":{"start":{"line":366,"column":2},"end":{"line":374,"column":3}},"type":"if","locations":[{"start":{"line":366,"column":2},"end":{"line":374,"column":3}},{"start":{},"end":{}}],"line":366},"29":{"loc":{"start":{"line":367,"column":4},"end":{"line":371,"column":11}},"type":"binary-expr","locations":[{"start":{"line":367,"column":4},"end":{"line":367,"column":18}},{"start":{"line":368,"column":4},"end":{"line":368,"column":17}},{"start":{"line":369,"column":4},"end":{"line":369,"column":22}},{"start":{"line":370,"column":4},"end":{"line":370,"column":26}},{"start":{"line":371,"column":4},"end":{"line":371,"column":11}}],"line":367},"30":{"loc":{"start":{"line":376,"column":2},"end":{"line":378,"column":3}},"type":"if","locations":[{"start":{"line":376,"column":2},"end":{"line":378,"column":3}},{"start":{},"end":{}}],"line":376},"31":{"loc":{"start":{"line":376,"column":6},"end":{"line":376,"column":67}},"type":"binary-expr","locations":[{"start":{"line":376,"column":6},"end":{"line":376,"column":34}},{"start":{"line":376,"column":38},"end":{"line":376,"column":67}}],"line":376},"32":{"loc":{"start":{"line":396,"column":4},"end":{"line":398,"column":5}},"type":"if","locations":[{"start":{"line":396,"column":4},"end":{"line":398,"column":5}},{"start":{},"end":{}}],"line":396},"33":{"loc":{"start":{"line":408,"column":2},"end":{"line":410,"column":3}},"type":"if","locations":[{"start":{"line":408,"column":2},"end":{"line":410,"column":3}},{"start":{},"end":{}}],"line":408},"34":{"loc":{"start":{"line":408,"column":6},"end":{"line":408,"column":54}},"type":"binary-expr","locations":[{"start":{"line":408,"column":6},"end":{"line":408,"column":17}},{"start":{"line":408,"column":21},"end":{"line":408,"column":54}}],"line":408},"35":{"loc":{"start":{"line":418,"column":4},"end":{"line":420,"column":5}},"type":"if","locations":[{"start":{"line":418,"column":4},"end":{"line":420,"column":5}},{"start":{},"end":{}}],"line":418},"36":{"loc":{"start":{"line":418,"column":8},"end":{"line":418,"column":30}},"type":"binary-expr","locations":[{"start":{"line":418,"column":8},"end":{"line":418,"column":17}},{"start":{"line":418,"column":21},"end":{"line":418,"column":30}}],"line":418},"37":{"loc":{"start":{"line":428,"column":4},"end":{"line":430,"column":5}},"type":"if","locations":[{"start":{"line":428,"column":4},"end":{"line":430,"column":5}},{"start":{},"end":{}}],"line":428},"38":{"loc":{"start":{"line":440,"column":2},"end":{"line":442,"column":3}},"type":"if","locations":[{"start":{"line":440,"column":2},"end":{"line":442,"column":3}},{"start":{},"end":{}}],"line":440},"39":{"loc":{"start":{"line":440,"column":6},"end":{"line":440,"column":54}},"type":"binary-expr","locations":[{"start":{"line":440,"column":6},"end":{"line":440,"column":17}},{"start":{"line":440,"column":21},"end":{"line":440,"column":54}}],"line":440},"40":{"loc":{"start":{"line":452,"column":4},"end":{"line":454,"column":5}},"type":"if","locations":[{"start":{"line":452,"column":4},"end":{"line":454,"column":5}},{"start":{},"end":{}}],"line":452},"41":{"loc":{"start":{"line":452,"column":8},"end":{"line":452,"column":26}},"type":"binary-expr","locations":[{"start":{"line":452,"column":8},"end":{"line":452,"column":17}},{"start":{"line":452,"column":21},"end":{"line":452,"column":26}}],"line":452},"42":{"loc":{"start":{"line":461,"column":4},"end":{"line":463,"column":5}},"type":"if","locations":[{"start":{"line":461,"column":4},"end":{"line":463,"column":5}},{"start":{},"end":{}}],"line":461},"43":{"loc":{"start":{"line":485,"column":4},"end":{"line":487,"column":5}},"type":"if","locations":[{"start":{"line":485,"column":4},"end":{"line":487,"column":5}},{"start":{},"end":{}}],"line":485},"44":{"loc":{"start":{"line":505,"column":2},"end":{"line":507,"column":3}},"type":"if","locations":[{"start":{"line":505,"column":2},"end":{"line":507,"column":3}},{"start":{},"end":{}}],"line":505},"45":{"loc":{"start":{"line":508,"column":2},"end":{"line":523,"column":3}},"type":"if","locations":[{"start":{"line":508,"column":2},"end":{"line":523,"column":3}},{"start":{},"end":{}}],"line":508},"46":{"loc":{"start":{"line":508,"column":6},"end":{"line":508,"column":40}},"type":"binary-expr","locations":[{"start":{"line":508,"column":6},"end":{"line":508,"column":13}},{"start":{"line":508,"column":17},"end":{"line":508,"column":40}}],"line":508},"47":{"loc":{"start":{"line":515,"column":4},"end":{"line":522,"column":5}},"type":"if","locations":[{"start":{"line":515,"column":4},"end":{"line":522,"column":5}},{"start":{},"end":{}}],"line":515},"48":{"loc":{"start":{"line":525,"column":2},"end":{"line":527,"column":3}},"type":"if","locations":[{"start":{"line":525,"column":2},"end":{"line":527,"column":3}},{"start":{},"end":{}}],"line":525},"49":{"loc":{"start":{"line":525,"column":6},"end":{"line":525,"column":70}},"type":"binary-expr","locations":[{"start":{"line":525,"column":6},"end":{"line":525,"column":20}},{"start":{"line":525,"column":24},"end":{"line":525,"column":37}},{"start":{"line":525,"column":41},"end":{"line":525,"column":59}},{"start":{"line":525,"column":63},"end":{"line":525,"column":70}}],"line":525},"50":{"loc":{"start":{"line":529,"column":2},"end":{"line":531,"column":3}},"type":"if","locations":[{"start":{"line":529,"column":2},"end":{"line":531,"column":3}},{"start":{},"end":{}}],"line":529},"51":{"loc":{"start":{"line":529,"column":6},"end":{"line":529,"column":67}},"type":"binary-expr","locations":[{"start":{"line":529,"column":6},"end":{"line":529,"column":34}},{"start":{"line":529,"column":38},"end":{"line":529,"column":67}}],"line":529},"52":{"loc":{"start":{"line":549,"column":4},"end":{"line":551,"column":5}},"type":"if","locations":[{"start":{"line":549,"column":4},"end":{"line":551,"column":5}},{"start":{},"end":{}}],"line":549},"53":{"loc":{"start":{"line":562,"column":4},"end":{"line":564,"column":5}},"type":"if","locations":[{"start":{"line":562,"column":4},"end":{"line":564,"column":5}},{"start":{},"end":{}}],"line":562},"54":{"loc":{"start":{"line":621,"column":4},"end":{"line":623,"column":5}},"type":"if","locations":[{"start":{"line":621,"column":4},"end":{"line":623,"column":5}},{"start":{},"end":{}}],"line":621}},"s":{"0":1,"1":1,"2":1,"3":1,"4":1,"5":1,"6":2,"7":2,"8":2,"9":1,"10":1,"11":1,"12":0,"13":1,"14":1,"15":1,"16":1,"17":0,"18":1,"19":1,"20":0,"21":1,"22":0,"23":0,"24":0,"25":0,"26":0,"27":0,"28":0,"29":1,"30":4,"31":4,"32":4,"33":4,"34":1,"35":3,"36":3,"37":3,"38":3,"39":3,"40":2,"41":2,"42":2,"43":1,"44":0,"45":0,"46":0,"47":2,"48":0,"49":1,"50":3,"51":3,"52":1,"53":2,"54":2,"55":2,"56":0,"57":2,"58":2,"59":2,"60":2,"61":2,"62":1,"63":1,"64":1,"65":1,"66":0,"67":0,"68":0,"69":0,"70":1,"71":0,"72":1,"73":2,"74":2,"75":2,"76":2,"77":1,"78":1,"79":0,"80":1,"81":2,"82":2,"83":2,"84":2,"85":1,"86":1,"87":0,"88":1,"89":4,"90":4,"91":4,"92":1,"93":3,"94":3,"95":1,"96":2,"97":2,"98":1,"99":1,"100":0,"101":1,"102":2,"103":2,"104":2,"105":2,"106":1,"107":1,"108":0,"109":1,"110":5,"111":5,"112":5,"113":5,"114":0,"115":5,"116":1,"117":4,"118":1,"119":3,"120":1,"121":2,"122":2,"123":2,"124":1,"125":1,"126":0,"127":1,"128":1,"129":1,"130":0,"131":0,"132":0,"133":0,"134":0,"135":0,"136":0,"137":0,"138":0,"139":0,"140":0,"141":0,"142":0,"143":1,"144":2,"145":2,"146":0,"147":2,"148":2,"149":2,"150":2,"151":1,"152":1,"153":1,"154":0,"155":1,"156":0,"157":1,"158":2,"159":2,"160":2,"161":2,"162":1,"163":1,"164":0,"165":1,"166":4,"167":4,"168":4,"169":4,"170":0,"171":4,"172":1,"173":1,"174":1,"175":1,"176":1,"177":1,"178":1,"179":3,"180":1,"181":2,"182":1,"183":1,"184":1,"185":1,"186":1,"187":1,"188":0,"189":1,"190":0,"191":1,"192":2,"193":2,"194":2,"195":1,"196":1,"197":1,"198":2,"199":1,"200":1,"201":0,"202":1,"203":3,"204":3,"205":3,"206":2,"207":2,"208":2,"209":2,"210":2,"211":2,"212":2,"213":1,"214":1,"215":1,"216":1},"f":{"0":2,"1":1,"2":0,"3":4,"4":3,"5":2,"6":2,"7":4,"8":2,"9":5,"10":0,"11":2,"12":2,"13":4,"14":2,"15":2,"16":3},"b":{"0":[1,1],"1":[1,0],"2":[0,1],"3":[1,0],"4":[0,0],"5":[0,0],"6":[1,3],"7":[4,3],"8":[2,1],"9":[2,0],"10":[1,1],"11":[0,0],"12":[1,2],"13":[0,2],"14":[2,2],"15":[1,1],"16":[1,0],"17":[0,1],"18":[0,0],"19":[1,1],"20":[2,1],"21":[1,1],"22":[1,3],"23":[1,2],"24":[1,1],"25":[1,1],"26":[0,5],"27":[1,4],"28":[1,3],"29":[4,4,3,3,3],"30":[1,2],"31":[3,2],"32":[0,1],"33":[0,0],"34":[0,0],"35":[0,0],"36":[0,0],"37":[0,0],"38":[0,2],"39":[2,2],"40":[1,1],"41":[2,1],"42":[0,1],"43":[1,1],"44":[0,4],"45":[1,3],"46":[4,4],"47":[1,0],"48":[1,2],"49":[3,3,2,2],"50":[1,1],"51":[2,1],"52":[0,1],"53":[1,1],"54":[1,1]},"inputSourceMap":null,"_coverageSchema":"1a1c01bbd47fc00a2c39e90264f33305004495a9","hash":"ef49e0ce30fff88805f11e3f9b5110a020820903"}
,"/Users/baronliu/Desktop/baron/palettebackend/API/router/engagement/engagementRouter.js": {"path":"/Users/baronliu/Desktop/baron/palettebackend/API/router/engagement/engagementRouter.js","statementMap":{"0":{"start":{"line":8,"column":15},"end":{"line":8,"column":31}},"1":{"start":{"line":10,"column":19},"end":{"line":10,"column":49}},"2":{"start":{"line":11,"column":18},"end":{"line":11,"column":42}},"3":{"start":{"line":13,"column":0},"end":{"line":54,"column":3}},"4":{"start":{"line":14,"column":2},"end":{"line":53,"column":3}},"5":{"start":{"line":15,"column":27},"end":{"line":15,"column":36}},"6":{"start":{"line":16,"column":32},"end":{"line":16,"column":56}},"7":{"start":{"line":17,"column":4},"end":{"line":34,"column":5}},"8":{"start":{"line":18,"column":24},"end":{"line":18,"column":48}},"9":{"start":{"line":19,"column":37},"end":{"line":22,"column":47}},"10":{"start":{"line":24,"column":6},"end":{"line":33,"column":7}},"11":{"start":{"line":25,"column":8},"end":{"line":32,"column":11}},"12":{"start":{"line":36,"column":4},"end":{"line":43,"column":7}},"13":{"start":{"line":45,"column":4},"end":{"line":52,"column":7}}},"fnMap":{"0":{"name":"(anonymous_0)","decl":{"start":{"line":13,"column":22},"end":{"line":13,"column":23}},"loc":{"start":{"line":13,"column":42},"end":{"line":54,"column":1}},"line":13}},"branchMap":{"0":{"loc":{"start":{"line":17,"column":4},"end":{"line":34,"column":5}},"type":"if","locations":[{"start":{"line":17,"column":4},"end":{"line":34,"column":5}},{"start":{},"end":{}}],"line":17},"1":{"loc":{"start":{"line":24,"column":6},"end":{"line":33,"column":7}},"type":"if","locations":[{"start":{"line":24,"column":6},"end":{"line":33,"column":7}},{"start":{},"end":{}}],"line":24}},"s":{"0":1,"1":1,"2":1,"3":1,"4":4,"5":4,"6":4,"7":3,"8":3,"9":3,"10":3,"11":0,"12":3,"13":1},"f":{"0":4},"b":{"0":[3,0],"1":[0,3]},"inputSourceMap":null,"_coverageSchema":"1a1c01bbd47fc00a2c39e90264f33305004495a9","hash":"720b8b779080d9b53a5997abd12f08567efa5a92"}
,"/Users/baronliu/Desktop/baron/palettebackend/API/router/inbox/inboxRouter.js": {"path":"/Users/baronliu/Desktop/baron/palettebackend/API/router/inbox/inboxRouter.js","statementMap":{"0":{"start":{"line":10,"column":0},"end":{"line":10,"column":16}},"1":{"start":{"line":12,"column":15},"end":{"line":12,"column":31}},"2":{"start":{"line":14,"column":0},"end":{"line":39,"column":3}},"3":{"start":{"line":15,"column":2},"end":{"line":15,"column":35}},"4":{"start":{"line":16,"column":2},"end":{"line":16,"column":33}},"5":{"start":{"line":17,"column":2},"end":{"line":17,"column":34}},"6":{"start":{"line":19,"column":18},"end":{"line":19,"column":35}},"7":{"start":{"line":20,"column":2},"end":{"line":23,"column":3}},"8":{"start":{"line":21,"column":4},"end":{"line":21,"column":40}},"9":{"start":{"line":22,"column":4},"end":{"line":22,"column":69}},"10":{"start":{"line":25,"column":2},"end":{"line":38,"column":3}},"11":{"start":{"line":26,"column":20},"end":{"line":26,"column":66}},"12":{"start":{"line":27,"column":23},"end":{"line":27,"column":42}},"13":{"start":{"line":28,"column":4},"end":{"line":31,"column":7}},"14":{"start":{"line":33,"column":4},"end":{"line":33,"column":78}},"15":{"start":{"line":35,"column":4},"end":{"line":35,"column":64}},"16":{"start":{"line":37,"column":4},"end":{"line":37,"column":70}},"17":{"start":{"line":41,"column":0},"end":{"line":58,"column":3}},"18":{"start":{"line":42,"column":19},"end":{"line":42,"column":37}},"19":{"start":{"line":43,"column":2},"end":{"line":57,"column":3}},"20":{"start":{"line":44,"column":35},"end":{"line":48,"column":26}},"21":{"start":{"line":50,"column":4},"end":{"line":52,"column":5}},"22":{"start":{"line":51,"column":6},"end":{"line":51,"column":67}},"23":{"start":{"line":54,"column":4},"end":{"line":54,"column":58}},"24":{"start":{"line":56,"column":4},"end":{"line":56,"column":70}},"25":{"start":{"line":60,"column":0},"end":{"line":100,"column":3}},"26":{"start":{"line":61,"column":17},"end":{"line":61,"column":29}},"27":{"start":{"line":62,"column":15},"end":{"line":62,"column":42}},"28":{"start":{"line":63,"column":16},"end":{"line":63,"column":18}},"29":{"start":{"line":64,"column":17},"end":{"line":64,"column":35}},"30":{"start":{"line":65,"column":2},"end":{"line":99,"column":3}},"31":{"start":{"line":66,"column":28},"end":{"line":73,"column":40}},"32":{"start":{"line":75,"column":4},"end":{"line":80,"column":5}},"33":{"start":{"line":76,"column":6},"end":{"line":79,"column":9}},"34":{"start":{"line":82,"column":22},"end":{"line":86,"column":26}},"35":{"start":{"line":88,"column":4},"end":{"line":94,"column":7}},"36":{"start":{"line":96,"column":4},"end":{"line":98,"column":66}},"37":{"start":{"line":102,"column":0},"end":{"line":124,"column":3}},"38":{"start":{"line":103,"column":23},"end":{"line":103,"column":32}},"39":{"start":{"line":104,"column":17},"end":{"line":104,"column":29}},"40":{"start":{"line":105,"column":2},"end":{"line":123,"column":3}},"41":{"start":{"line":106,"column":18},"end":{"line":109,"column":6}},"42":{"start":{"line":111,"column":23},"end":{"line":116,"column":6}},"43":{"start":{"line":118,"column":21},"end":{"line":118,"column":51}},"44":{"start":{"line":120,"column":4},"end":{"line":120,"column":46}},"45":{"start":{"line":122,"column":4},"end":{"line":122,"column":70}},"46":{"start":{"line":126,"column":0},"end":{"line":165,"column":3}},"47":{"start":{"line":127,"column":34},"end":{"line":127,"column":43}},"48":{"start":{"line":128,"column":17},"end":{"line":128,"column":29}},"49":{"start":{"line":130,"column":2},"end":{"line":164,"column":3}},"50":{"start":{"line":131,"column":18},"end":{"line":134,"column":6}},"51":{"start":{"line":136,"column":20},"end":{"line":140,"column":6}},"52":{"start":{"line":142,"column":22},"end":{"line":142,"column":64}},"53":{"start":{"line":143,"column":19},"end":{"line":143,"column":48}},"54":{"start":{"line":144,"column":17},"end":{"line":144,"column":36}},"55":{"start":{"line":145,"column":17},"end":{"line":145,"column":36}},"56":{"start":{"line":147,"column":4},"end":{"line":160,"column":5}},"57":{"start":{"line":148,"column":56},"end":{"line":152,"column":17}},"58":{"start":{"line":153,"column":6},"end":{"line":157,"column":7}},"59":{"start":{"line":154,"column":8},"end":{"line":156,"column":11}},"60":{"start":{"line":159,"column":6},"end":{"line":159,"column":60}},"61":{"start":{"line":161,"column":4},"end":{"line":161,"column":48}},"62":{"start":{"line":163,"column":4},"end":{"line":163,"column":70}}},"fnMap":{"0":{"name":"(anonymous_0)","decl":{"start":{"line":14,"column":29},"end":{"line":14,"column":30}},"loc":{"start":{"line":14,"column":49},"end":{"line":39,"column":1}},"line":14},"1":{"name":"(anonymous_1)","decl":{"start":{"line":41,"column":34},"end":{"line":41,"column":35}},"loc":{"start":{"line":41,"column":54},"end":{"line":58,"column":1}},"line":41},"2":{"name":"(anonymous_2)","decl":{"start":{"line":60,"column":40},"end":{"line":60,"column":41}},"loc":{"start":{"line":60,"column":60},"end":{"line":100,"column":1}},"line":60},"3":{"name":"(anonymous_3)","decl":{"start":{"line":102,"column":47},"end":{"line":102,"column":48}},"loc":{"start":{"line":102,"column":67},"end":{"line":124,"column":1}},"line":102},"4":{"name":"(anonymous_4)","decl":{"start":{"line":126,"column":38},"end":{"line":126,"column":39}},"loc":{"start":{"line":126,"column":58},"end":{"line":165,"column":1}},"line":126}},"branchMap":{"0":{"loc":{"start":{"line":20,"column":2},"end":{"line":23,"column":3}},"type":"if","locations":[{"start":{"line":20,"column":2},"end":{"line":23,"column":3}},{"start":{},"end":{}}],"line":20},"1":{"loc":{"start":{"line":50,"column":4},"end":{"line":52,"column":5}},"type":"if","locations":[{"start":{"line":50,"column":4},"end":{"line":52,"column":5}},{"start":{},"end":{}}],"line":50},"2":{"loc":{"start":{"line":62,"column":15},"end":{"line":62,"column":42}},"type":"binary-expr","locations":[{"start":{"line":62,"column":15},"end":{"line":62,"column":37}},{"start":{"line":62,"column":41},"end":{"line":62,"column":42}}],"line":62},"3":{"loc":{"start":{"line":75,"column":4},"end":{"line":80,"column":5}},"type":"if","locations":[{"start":{"line":75,"column":4},"end":{"line":80,"column":5}},{"start":{},"end":{}}],"line":75},"4":{"loc":{"start":{"line":118,"column":21},"end":{"line":118,"column":51}},"type":"binary-expr","locations":[{"start":{"line":118,"column":21},"end":{"line":118,"column":45}},{"start":{"line":118,"column":49},"end":{"line":118,"column":51}}],"line":118},"5":{"loc":{"start":{"line":144,"column":17},"end":{"line":144,"column":36}},"type":"binary-expr","locations":[{"start":{"line":144,"column":17},"end":{"line":144,"column":28}},{"start":{"line":144,"column":32},"end":{"line":144,"column":36}}],"line":144},"6":{"loc":{"start":{"line":145,"column":17},"end":{"line":145,"column":36}},"type":"binary-expr","locations":[{"start":{"line":145,"column":17},"end":{"line":145,"column":28}},{"start":{"line":145,"column":32},"end":{"line":145,"column":36}}],"line":145},"7":{"loc":{"start":{"line":147,"column":4},"end":{"line":160,"column":5}},"type":"if","locations":[{"start":{"line":147,"column":4},"end":{"line":160,"column":5}},{"start":{},"end":{}}],"line":147},"8":{"loc":{"start":{"line":153,"column":6},"end":{"line":157,"column":7}},"type":"if","locations":[{"start":{"line":153,"column":6},"end":{"line":157,"column":7}},{"start":{},"end":{}}],"line":153}},"s":{"0":1,"1":1,"2":1,"3":2,"4":2,"5":2,"6":2,"7":2,"8":1,"9":1,"10":1,"11":1,"12":1,"13":1,"14":1,"15":1,"16":0,"17":1,"18":2,"19":2,"20":2,"21":2,"22":1,"23":1,"24":0,"25":1,"26":3,"27":3,"28":3,"29":3,"30":3,"31":3,"32":3,"33":1,"34":2,"35":2,"36":0,"37":1,"38":2,"39":2,"40":2,"41":2,"42":1,"43":1,"44":1,"45":1,"46":1,"47":3,"48":3,"49":3,"50":3,"51":3,"52":3,"53":3,"54":3,"55":3,"56":3,"57":2,"58":2,"59":1,"60":1,"61":1,"62":0},"f":{"0":2,"1":2,"2":3,"3":2,"4":3},"b":{"0":[1,1],"1":[1,1],"2":[3,2],"3":[1,2],"4":[1,0],"5":[3,3],"6":[3,0],"7":[2,1],"8":[1,1]},"inputSourceMap":null,"_coverageSchema":"1a1c01bbd47fc00a2c39e90264f33305004495a9","hash":"2d19d97c3401c69c002e8706e4d2bc7cdc71e0af"}
,"/Users/baronliu/Desktop/baron/palettebackend/API/router/reply/replyRouter.js": {"path":"/Users/baronliu/Desktop/baron/palettebackend/API/router/reply/replyRouter.js","statementMap":{"0":{"start":{"line":5,"column":15},"end":{"line":5,"column":31}},"1":{"start":{"line":8,"column":0},"end":{"line":50,"column":3}},"2":{"start":{"line":9,"column":24},"end":{"line":9,"column":33}},"3":{"start":{"line":11,"column":4},"end":{"line":11,"column":12}},"4":{"start":{"line":12,"column":17},"end":{"line":12,"column":29}},"5":{"start":{"line":13,"column":2},"end":{"line":24,"column":3}},"6":{"start":{"line":23,"column":4},"end":{"line":23,"column":69}},"7":{"start":{"line":27,"column":2},"end":{"line":49,"column":3}},"8":{"start":{"line":28,"column":25},"end":{"line":39,"column":6}},"9":{"start":{"line":42,"column":4},"end":{"line":46,"column":5}},"10":{"start":{"line":43,"column":6},"end":{"line":43,"column":69}},"11":{"start":{"line":45,"column":6},"end":{"line":45,"column":65}},"12":{"start":{"line":48,"column":4},"end":{"line":48,"column":70}}},"fnMap":{"0":{"name":"(anonymous_0)","decl":{"start":{"line":8,"column":40},"end":{"line":8,"column":41}},"loc":{"start":{"line":8,"column":60},"end":{"line":50,"column":1}},"line":8}},"branchMap":{"0":{"loc":{"start":{"line":13,"column":2},"end":{"line":24,"column":3}},"type":"if","locations":[{"start":{"line":13,"column":2},"end":{"line":24,"column":3}},{"start":{},"end":{}}],"line":13},"1":{"loc":{"start":{"line":14,"column":4},"end":{"line":21,"column":13}},"type":"binary-expr","locations":[{"start":{"line":14,"column":4},"end":{"line":14,"column":14}},{"start":{"line":15,"column":4},"end":{"line":15,"column":13}},{"start":{"line":16,"column":4},"end":{"line":16,"column":19}},{"start":{"line":17,"column":4},"end":{"line":17,"column":18}},{"start":{"line":18,"column":4},"end":{"line":18,"column":9}},{"start":{"line":19,"column":4},"end":{"line":19,"column":14}},{"start":{"line":20,"column":4},"end":{"line":20,"column":12}},{"start":{"line":21,"column":4},"end":{"line":21,"column":13}}],"line":14},"2":{"loc":{"start":{"line":42,"column":4},"end":{"line":46,"column":5}},"type":"if","locations":[{"start":{"line":42,"column":4},"end":{"line":46,"column":5}},{"start":{"line":44,"column":11},"end":{"line":46,"column":5}}],"line":42}},"s":{"0":1,"1":1,"2":5,"3":5,"4":5,"5":5,"6":2,"7":3,"8":3,"9":2,"10":1,"11":1,"12":1},"f":{"0":5},"b":{"0":[2,3],"1":[5,5,4,4,4,4,3,3],"2":[1,1]},"inputSourceMap":null,"_coverageSchema":"1a1c01bbd47fc00a2c39e90264f33305004495a9","hash":"6d32e5f44567e49e12a6058049bd498450b14c0c"}
,"/Users/baronliu/Desktop/baron/palettebackend/API/router/repository/repositoryRouter.js": {"path":"/Users/baronliu/Desktop/baron/palettebackend/API/router/repository/repositoryRouter.js","statementMap":{"0":{"start":{"line":8,"column":0},"end":{"line":8,"column":16}},"1":{"start":{"line":10,"column":19},"end":{"line":10,"column":45}},"2":{"start":{"line":11,"column":16},"end":{"line":13,"column":2}},"3":{"start":{"line":15,"column":15},"end":{"line":15,"column":31}},"4":{"start":{"line":18,"column":0},"end":{"line":137,"column":3}},"5":{"start":{"line":19,"column":16},"end":{"line":19,"column":18}},"6":{"start":{"line":20,"column":25},"end":{"line":20,"column":27}},"7":{"start":{"line":21,"column":25},"end":{"line":21,"column":28}},"8":{"start":{"line":23,"column":23},"end":{"line":23,"column":57}},"9":{"start":{"line":24,"column":24},"end":{"line":24,"column":51}},"10":{"start":{"line":26,"column":20},"end":{"line":29,"column":13}},"11":{"start":{"line":27,"column":4},"end":{"line":29,"column":13}},"12":{"start":{"line":30,"column":16},"end":{"line":31,"column":40}},"13":{"start":{"line":31,"column":4},"end":{"line":31,"column":40}},"14":{"start":{"line":33,"column":22},"end":{"line":41,"column":3}},"15":{"start":{"line":34,"column":16},"end":{"line":34,"column":71}},"16":{"start":{"line":35,"column":20},"end":{"line":38,"column":43}},"17":{"start":{"line":36,"column":18},"end":{"line":36,"column":37}},"18":{"start":{"line":38,"column":21},"end":{"line":38,"column":42}},"19":{"start":{"line":40,"column":4},"end":{"line":40,"column":58}},"20":{"start":{"line":43,"column":29},"end":{"line":56,"column":4}},"21":{"start":{"line":48,"column":24},"end":{"line":48,"column":43}},"22":{"start":{"line":49,"column":21},"end":{"line":49,"column":53}},"23":{"start":{"line":58,"column":17},"end":{"line":58,"column":56}},"24":{"start":{"line":59,"column":2},"end":{"line":63,"column":3}},"25":{"start":{"line":60,"column":4},"end":{"line":62,"column":7}},"26":{"start":{"line":65,"column":56},"end":{"line":65,"column":67}},"27":{"start":{"line":67,"column":15},"end":{"line":67,"column":33}},"28":{"start":{"line":68,"column":13},"end":{"line":68,"column":29}},"29":{"start":{"line":70,"column":2},"end":{"line":136,"column":3}},"30":{"start":{"line":71,"column":4},"end":{"line":115,"column":5}},"31":{"start":{"line":72,"column":30},"end":{"line":75,"column":8}},"32":{"start":{"line":77,"column":24},"end":{"line":77,"column":61}},"33":{"start":{"line":78,"column":6},"end":{"line":80,"column":7}},"34":{"start":{"line":79,"column":8},"end":{"line":79,"column":70}},"35":{"start":{"line":82,"column":30},"end":{"line":90,"column":7}},"36":{"start":{"line":92,"column":6},"end":{"line":94,"column":7}},"37":{"start":{"line":93,"column":8},"end":{"line":93,"column":71}},"38":{"start":{"line":96,"column":24},"end":{"line":96,"column":41}},"39":{"start":{"line":97,"column":25},"end":{"line":97,"column":43}},"40":{"start":{"line":98,"column":28},"end":{"line":98,"column":49}},"41":{"start":{"line":100,"column":23},"end":{"line":109,"column":8}},"42":{"start":{"line":102,"column":10},"end":{"line":102,"column":67}},"43":{"start":{"line":104,"column":10},"end":{"line":104,"column":71}},"44":{"start":{"line":106,"column":10},"end":{"line":107,"column":65}},"45":{"start":{"line":108,"column":8},"end":{"line":108,"column":47}},"46":{"start":{"line":111,"column":25},"end":{"line":111,"column":40}},"47":{"start":{"line":112,"column":24},"end":{"line":112,"column":52}},"48":{"start":{"line":114,"column":6},"end":{"line":114,"column":72}},"49":{"start":{"line":117,"column":16},"end":{"line":122,"column":7}},"50":{"start":{"line":124,"column":4},"end":{"line":124,"column":58}},"51":{"start":{"line":124,"column":23},"end":{"line":124,"column":58}},"52":{"start":{"line":125,"column":4},"end":{"line":125,"column":61}},"53":{"start":{"line":125,"column":24},"end":{"line":125,"column":61}},"54":{"start":{"line":126,"column":4},"end":{"line":126,"column":70}},"55":{"start":{"line":126,"column":27},"end":{"line":126,"column":70}},"56":{"start":{"line":128,"column":4},"end":{"line":128,"column":69}},"57":{"start":{"line":130,"column":58},"end":{"line":130,"column":69}},"58":{"start":{"line":131,"column":4},"end":{"line":131,"column":27}},"59":{"start":{"line":131,"column":15},"end":{"line":131,"column":27}},"60":{"start":{"line":133,"column":4},"end":{"line":133,"column":76}},"61":{"start":{"line":135,"column":4},"end":{"line":135,"column":70}},"62":{"start":{"line":139,"column":0},"end":{"line":171,"column":3}},"63":{"start":{"line":140,"column":22},"end":{"line":140,"column":24}},"64":{"start":{"line":141,"column":26},"end":{"line":141,"column":29}},"65":{"start":{"line":142,"column":21},"end":{"line":144,"column":4}},"66":{"start":{"line":146,"column":21},"end":{"line":146,"column":51}},"67":{"start":{"line":147,"column":2},"end":{"line":151,"column":3}},"68":{"start":{"line":148,"column":4},"end":{"line":150,"column":7}},"69":{"start":{"line":153,"column":17},"end":{"line":153,"column":36}},"70":{"start":{"line":155,"column":2},"end":{"line":170,"column":3}},"71":{"start":{"line":157,"column":6},"end":{"line":161,"column":8}},"72":{"start":{"line":163,"column":4},"end":{"line":165,"column":5}},"73":{"start":{"line":164,"column":6},"end":{"line":164,"column":66}},"74":{"start":{"line":167,"column":4},"end":{"line":167,"column":45}},"75":{"start":{"line":169,"column":4},"end":{"line":169,"column":70}}},"fnMap":{"0":{"name":"(anonymous_0)","decl":{"start":{"line":18,"column":36},"end":{"line":18,"column":37}},"loc":{"start":{"line":18,"column":56},"end":{"line":137,"column":1}},"line":18},"1":{"name":"(anonymous_1)","decl":{"start":{"line":26,"column":20},"end":{"line":26,"column":21}},"loc":{"start":{"line":27,"column":4},"end":{"line":29,"column":13}},"line":27},"2":{"name":"(anonymous_2)","decl":{"start":{"line":30,"column":16},"end":{"line":30,"column":17}},"loc":{"start":{"line":31,"column":4},"end":{"line":31,"column":40}},"line":31},"3":{"name":"(anonymous_3)","decl":{"start":{"line":33,"column":22},"end":{"line":33,"column":23}},"loc":{"start":{"line":33,"column":31},"end":{"line":41,"column":3}},"line":33},"4":{"name":"(anonymous_4)","decl":{"start":{"line":36,"column":11},"end":{"line":36,"column":12}},"loc":{"start":{"line":36,"column":18},"end":{"line":36,"column":37}},"line":36},"5":{"name":"(anonymous_5)","decl":{"start":{"line":38,"column":14},"end":{"line":38,"column":15}},"loc":{"start":{"line":38,"column":21},"end":{"line":38,"column":42}},"line":38},"6":{"name":"(anonymous_6)","decl":{"start":{"line":48,"column":17},"end":{"line":48,"column":18}},"loc":{"start":{"line":48,"column":24},"end":{"line":48,"column":43}},"line":48},"7":{"name":"(anonymous_7)","decl":{"start":{"line":49,"column":14},"end":{"line":49,"column":15}},"loc":{"start":{"line":49,"column":21},"end":{"line":49,"column":53}},"line":49},"8":{"name":"(anonymous_8)","decl":{"start":{"line":100,"column":43},"end":{"line":100,"column":44}},"loc":{"start":{"line":100,"column":52},"end":{"line":109,"column":7}},"line":100},"9":{"name":"(anonymous_9)","decl":{"start":{"line":139,"column":45},"end":{"line":139,"column":46}},"loc":{"start":{"line":139,"column":65},"end":{"line":171,"column":1}},"line":139}},"branchMap":{"0":{"loc":{"start":{"line":27,"column":11},"end":{"line":27,"column":18}},"type":"binary-expr","locations":[{"start":{"line":27,"column":11},"end":{"line":27,"column":12}},{"start":{"line":27,"column":16},"end":{"line":27,"column":18}}],"line":27},"1":{"loc":{"start":{"line":30,"column":20},"end":{"line":30,"column":40}},"type":"default-arg","locations":[{"start":{"line":30,"column":26},"end":{"line":30,"column":40}}],"line":30},"2":{"loc":{"start":{"line":31,"column":4},"end":{"line":31,"column":40}},"type":"cond-expr","locations":[{"start":{"line":31,"column":21},"end":{"line":31,"column":36}},{"start":{"line":31,"column":39},"end":{"line":31,"column":40}}],"line":31},"3":{"loc":{"start":{"line":34,"column":16},"end":{"line":34,"column":71}},"type":"cond-expr","locations":[{"start":{"line":34,"column":37},"end":{"line":34,"column":40}},{"start":{"line":34,"column":43},"end":{"line":34,"column":71}}],"line":34},"4":{"loc":{"start":{"line":34,"column":50},"end":{"line":34,"column":59}},"type":"binary-expr","locations":[{"start":{"line":34,"column":50},"end":{"line":34,"column":53}},{"start":{"line":34,"column":57},"end":{"line":34,"column":59}}],"line":34},"5":{"loc":{"start":{"line":49,"column":21},"end":{"line":49,"column":53}},"type":"binary-expr","locations":[{"start":{"line":49,"column":21},"end":{"line":49,"column":29}},{"start":{"line":49,"column":33},"end":{"line":49,"column":53}}],"line":49},"6":{"loc":{"start":{"line":59,"column":2},"end":{"line":63,"column":3}},"type":"if","locations":[{"start":{"line":59,"column":2},"end":{"line":63,"column":3}},{"start":{},"end":{}}],"line":59},"7":{"loc":{"start":{"line":71,"column":4},"end":{"line":115,"column":5}},"type":"if","locations":[{"start":{"line":71,"column":4},"end":{"line":115,"column":5}},{"start":{},"end":{}}],"line":71},"8":{"loc":{"start":{"line":78,"column":6},"end":{"line":80,"column":7}},"type":"if","locations":[{"start":{"line":78,"column":6},"end":{"line":80,"column":7}},{"start":{},"end":{}}],"line":78},"9":{"loc":{"start":{"line":92,"column":6},"end":{"line":94,"column":7}},"type":"if","locations":[{"start":{"line":92,"column":6},"end":{"line":94,"column":7}},{"start":{},"end":{}}],"line":92},"10":{"loc":{"start":{"line":100,"column":24},"end":{"line":100,"column":34}},"type":"binary-expr","locations":[{"start":{"line":100,"column":24},"end":{"line":100,"column":28}},{"start":{"line":100,"column":32},"end":{"line":100,"column":34}}],"line":100},"11":{"loc":{"start":{"line":102,"column":10},"end":{"line":102,"column":67}},"type":"binary-expr","locations":[{"start":{"line":102,"column":10},"end":{"line":102,"column":20}},{"start":{"line":102,"column":25},"end":{"line":102,"column":35}},{"start":{"line":102,"column":39},"end":{"line":102,"column":66}}],"line":102},"12":{"loc":{"start":{"line":104,"column":10},"end":{"line":104,"column":71}},"type":"binary-expr","locations":[{"start":{"line":104,"column":10},"end":{"line":104,"column":21}},{"start":{"line":104,"column":26},"end":{"line":104,"column":37}},{"start":{"line":104,"column":41},"end":{"line":104,"column":70}}],"line":104},"13":{"loc":{"start":{"line":106,"column":10},"end":{"line":107,"column":65}},"type":"binary-expr","locations":[{"start":{"line":106,"column":10},"end":{"line":106,"column":24}},{"start":{"line":107,"column":11},"end":{"line":107,"column":25}},{"start":{"line":107,"column":29},"end":{"line":107,"column":64}}],"line":106},"14":{"loc":{"start":{"line":108,"column":15},"end":{"line":108,"column":46}},"type":"binary-expr","locations":[{"start":{"line":108,"column":15},"end":{"line":108,"column":23}},{"start":{"line":108,"column":27},"end":{"line":108,"column":36}},{"start":{"line":108,"column":40},"end":{"line":108,"column":46}}],"line":108},"15":{"loc":{"start":{"line":124,"column":4},"end":{"line":124,"column":58}},"type":"if","locations":[{"start":{"line":124,"column":4},"end":{"line":124,"column":58}},{"start":{},"end":{}}],"line":124},"16":{"loc":{"start":{"line":125,"column":4},"end":{"line":125,"column":61}},"type":"if","locations":[{"start":{"line":125,"column":4},"end":{"line":125,"column":61}},{"start":{},"end":{}}],"line":125},"17":{"loc":{"start":{"line":126,"column":4},"end":{"line":126,"column":70}},"type":"if","locations":[{"start":{"line":126,"column":4},"end":{"line":126,"column":70}},{"start":{},"end":{}}],"line":126},"18":{"loc":{"start":{"line":131,"column":4},"end":{"line":131,"column":27}},"type":"if","locations":[{"start":{"line":131,"column":4},"end":{"line":131,"column":27}},{"start":{},"end":{}}],"line":131},"19":{"loc":{"start":{"line":133,"column":57},"end":{"line":133,"column":72}},"type":"binary-expr","locations":[{"start":{"line":133,"column":57},"end":{"line":133,"column":67}},{"start":{"line":133,"column":71},"end":{"line":133,"column":72}}],"line":133},"20":{"loc":{"start":{"line":147,"column":2},"end":{"line":151,"column":3}},"type":"if","locations":[{"start":{"line":147,"column":2},"end":{"line":151,"column":3}},{"start":{},"end":{}}],"line":147},"21":{"loc":{"start":{"line":163,"column":4},"end":{"line":165,"column":5}},"type":"if","locations":[{"start":{"line":163,"column":4},"end":{"line":165,"column":5}},{"start":{},"end":{}}],"line":163}},"s":{"0":1,"1":1,"2":1,"3":1,"4":1,"5":7,"6":7,"7":7,"8":7,"9":7,"10":7,"11":5,"12":7,"13":5,"14":7,"15":2,"16":2,"17":2,"18":2,"19":2,"20":7,"21":3,"22":3,"23":7,"24":7,"25":0,"26":7,"27":7,"28":7,"29":7,"30":7,"31":3,"32":3,"33":3,"34":1,"35":2,"36":2,"37":1,"38":1,"39":1,"40":1,"41":1,"42":1,"43":1,"44":1,"45":1,"46":1,"47":1,"48":1,"49":4,"50":4,"51":1,"52":4,"53":1,"54":4,"55":0,"56":4,"57":4,"58":3,"59":0,"60":3,"61":1,"62":1,"63":3,"64":3,"65":3,"66":3,"67":3,"68":1,"69":2,"70":2,"71":2,"72":2,"73":1,"74":1,"75":0},"f":{"0":7,"1":5,"2":5,"3":2,"4":2,"5":2,"6":3,"7":3,"8":1,"9":3},"b":{"0":[5,0],"1":[5],"2":[0,5],"3":[0,2],"4":[2,0],"5":[3,3],"6":[0,7],"7":[3,4],"8":[1,2],"9":[1,1],"10":[1,0],"11":[1,0,0],"12":[1,0,0],"13":[1,0,0],"14":[1,1,1],"15":[1,3],"16":[1,3],"17":[0,4],"18":[0,3],"19":[3,0],"20":[1,2],"21":[1,1]},"inputSourceMap":null,"_coverageSchema":"1a1c01bbd47fc00a2c39e90264f33305004495a9","hash":"be45143595505fd9dc022779dbc059eb117ff662"}
,"/Users/baronliu/Desktop/baron/palettebackend/API/router/saved/savedRouter.js": {"path":"/Users/baronliu/Desktop/baron/palettebackend/API/router/saved/savedRouter.js","statementMap":{"0":{"start":{"line":4,"column":15},"end":{"line":4,"column":31}},"1":{"start":{"line":6,"column":0},"end":{"line":24,"column":3}},"2":{"start":{"line":7,"column":17},"end":{"line":7,"column":29}},"3":{"start":{"line":8,"column":2},"end":{"line":23,"column":3}},"4":{"start":{"line":10,"column":6},"end":{"line":13,"column":30}},"5":{"start":{"line":15,"column":4},"end":{"line":17,"column":5}},"6":{"start":{"line":16,"column":6},"end":{"line":16,"column":66}},"7":{"start":{"line":19,"column":25},"end":{"line":19,"column":73}},"8":{"start":{"line":19,"column":55},"end":{"line":19,"column":72}},"9":{"start":{"line":20,"column":4},"end":{"line":20,"column":56}},"10":{"start":{"line":22,"column":4},"end":{"line":22,"column":70}},"11":{"start":{"line":26,"column":0},"end":{"line":47,"column":3}},"12":{"start":{"line":27,"column":17},"end":{"line":27,"column":29}},"13":{"start":{"line":28,"column":15},"end":{"line":28,"column":57}},"14":{"start":{"line":29,"column":16},"end":{"line":29,"column":18}},"15":{"start":{"line":30,"column":15},"end":{"line":30,"column":33}},"16":{"start":{"line":31,"column":13},"end":{"line":31,"column":29}},"17":{"start":{"line":32,"column":2},"end":{"line":46,"column":3}},"18":{"start":{"line":34,"column":6},"end":{"line":38,"column":24}},"19":{"start":{"line":39,"column":4},"end":{"line":41,"column":5}},"20":{"start":{"line":40,"column":6},"end":{"line":40,"column":71}},"21":{"start":{"line":43,"column":4},"end":{"line":43,"column":53}},"22":{"start":{"line":45,"column":4},"end":{"line":45,"column":71}},"23":{"start":{"line":49,"column":0},"end":{"line":80,"column":2}},"24":{"start":{"line":53,"column":19},"end":{"line":53,"column":31}},"25":{"start":{"line":54,"column":28},"end":{"line":54,"column":38}},"26":{"start":{"line":55,"column":23},"end":{"line":55,"column":31}},"27":{"start":{"line":56,"column":4},"end":{"line":78,"column":5}},"28":{"start":{"line":57,"column":42},"end":{"line":62,"column":17}},"29":{"start":{"line":64,"column":6},"end":{"line":69,"column":7}},"30":{"start":{"line":65,"column":8},"end":{"line":68,"column":11}},"31":{"start":{"line":71,"column":6},"end":{"line":73,"column":73}},"32":{"start":{"line":75,"column":6},"end":{"line":77,"column":70}},"33":{"start":{"line":82,"column":0},"end":{"line":122,"column":3}},"34":{"start":{"line":83,"column":17},"end":{"line":83,"column":29}},"35":{"start":{"line":84,"column":26},"end":{"line":84,"column":36}},"36":{"start":{"line":95,"column":6},"end":{"line":95,"column":14}},"37":{"start":{"line":96,"column":2},"end":{"line":121,"column":3}},"38":{"start":{"line":97,"column":43},"end":{"line":112,"column":15}},"39":{"start":{"line":113,"column":4},"end":{"line":117,"column":5}},"40":{"start":{"line":114,"column":6},"end":{"line":116,"column":62}},"41":{"start":{"line":118,"column":4},"end":{"line":118,"column":78}},"42":{"start":{"line":120,"column":4},"end":{"line":120,"column":78}},"43":{"start":{"line":124,"column":0},"end":{"line":155,"column":2}},"44":{"start":{"line":128,"column":28},"end":{"line":128,"column":38}},"45":{"start":{"line":129,"column":19},"end":{"line":129,"column":31}},"46":{"start":{"line":131,"column":4},"end":{"line":135,"column":5}},"47":{"start":{"line":132,"column":6},"end":{"line":134,"column":68}},"48":{"start":{"line":136,"column":4},"end":{"line":153,"column":5}},"49":{"start":{"line":137,"column":44},"end":{"line":141,"column":40}},"50":{"start":{"line":143,"column":6},"end":{"line":147,"column":7}},"51":{"start":{"line":144,"column":8},"end":{"line":146,"column":67}},"52":{"start":{"line":148,"column":6},"end":{"line":150,"column":62}},"53":{"start":{"line":152,"column":6},"end":{"line":152,"column":80}}},"fnMap":{"0":{"name":"(anonymous_0)","decl":{"start":{"line":6,"column":55},"end":{"line":6,"column":56}},"loc":{"start":{"line":6,"column":75},"end":{"line":24,"column":1}},"line":6},"1":{"name":"(anonymous_1)","decl":{"start":{"line":19,"column":45},"end":{"line":19,"column":46}},"loc":{"start":{"line":19,"column":55},"end":{"line":19,"column":72}},"line":19},"2":{"name":"(anonymous_2)","decl":{"start":{"line":26,"column":45},"end":{"line":26,"column":46}},"loc":{"start":{"line":26,"column":65},"end":{"line":47,"column":1}},"line":26},"3":{"name":"(anonymous_3)","decl":{"start":{"line":52,"column":2},"end":{"line":52,"column":3}},"loc":{"start":{"line":52,"column":22},"end":{"line":79,"column":3}},"line":52},"4":{"name":"(anonymous_4)","decl":{"start":{"line":82,"column":59},"end":{"line":82,"column":60}},"loc":{"start":{"line":82,"column":79},"end":{"line":122,"column":1}},"line":82},"5":{"name":"(anonymous_5)","decl":{"start":{"line":127,"column":2},"end":{"line":127,"column":3}},"loc":{"start":{"line":127,"column":22},"end":{"line":154,"column":3}},"line":127}},"branchMap":{"0":{"loc":{"start":{"line":15,"column":4},"end":{"line":17,"column":5}},"type":"if","locations":[{"start":{"line":15,"column":4},"end":{"line":17,"column":5}},{"start":{},"end":{}}],"line":15},"1":{"loc":{"start":{"line":28,"column":27},"end":{"line":28,"column":56}},"type":"binary-expr","locations":[{"start":{"line":28,"column":27},"end":{"line":28,"column":51}},{"start":{"line":28,"column":55},"end":{"line":28,"column":56}}],"line":28},"2":{"loc":{"start":{"line":39,"column":4},"end":{"line":41,"column":5}},"type":"if","locations":[{"start":{"line":39,"column":4},"end":{"line":41,"column":5}},{"start":{},"end":{}}],"line":39},"3":{"loc":{"start":{"line":64,"column":6},"end":{"line":69,"column":7}},"type":"if","locations":[{"start":{"line":64,"column":6},"end":{"line":69,"column":7}},{"start":{},"end":{}}],"line":64},"4":{"loc":{"start":{"line":113,"column":4},"end":{"line":117,"column":5}},"type":"if","locations":[{"start":{"line":113,"column":4},"end":{"line":117,"column":5}},{"start":{},"end":{}}],"line":113},"5":{"loc":{"start":{"line":131,"column":4},"end":{"line":135,"column":5}},"type":"if","locations":[{"start":{"line":131,"column":4},"end":{"line":135,"column":5}},{"start":{},"end":{}}],"line":131},"6":{"loc":{"start":{"line":131,"column":8},"end":{"line":131,"column":31}},"type":"binary-expr","locations":[{"start":{"line":131,"column":8},"end":{"line":131,"column":20}},{"start":{"line":131,"column":24},"end":{"line":131,"column":31}}],"line":131},"7":{"loc":{"start":{"line":143,"column":6},"end":{"line":147,"column":7}},"type":"if","locations":[{"start":{"line":143,"column":6},"end":{"line":147,"column":7}},{"start":{},"end":{}}],"line":143}},"s":{"0":1,"1":1,"2":2,"3":2,"4":2,"5":2,"6":1,"7":1,"8":2,"9":1,"10":0,"11":1,"12":2,"13":2,"14":2,"15":2,"16":2,"17":2,"18":2,"19":2,"20":1,"21":1,"22":0,"23":1,"24":2,"25":2,"26":2,"27":2,"28":2,"29":2,"30":1,"31":1,"32":0,"33":1,"34":2,"35":2,"36":2,"37":2,"38":2,"39":2,"40":1,"41":1,"42":0,"43":1,"44":2,"45":2,"46":2,"47":0,"48":2,"49":2,"50":2,"51":1,"52":1,"53":0},"f":{"0":2,"1":2,"2":2,"3":2,"4":2,"5":2},"b":{"0":[1,1],"1":[2,1],"2":[1,1],"3":[1,1],"4":[1,1],"5":[0,2],"6":[2,2],"7":[1,1]},"inputSourceMap":null,"_coverageSchema":"1a1c01bbd47fc00a2c39e90264f33305004495a9","hash":"cf3b47e15c7decefa25822390b25dbd3a4e2718f"}
,"/Users/baronliu/Desktop/baron/palettebackend/API/router/send/sendRouter.js": {"path":"/Users/baronliu/Desktop/baron/palettebackend/API/router/send/sendRouter.js","statementMap":{"0":{"start":{"line":10,"column":15},"end":{"line":10,"column":31}},"1":{"start":{"line":12,"column":0},"end":{"line":40,"column":3}},"2":{"start":{"line":13,"column":38},"end":{"line":13,"column":46}},"3":{"start":{"line":15,"column":2},"end":{"line":17,"column":3}},"4":{"start":{"line":16,"column":4},"end":{"line":16,"column":59}},"5":{"start":{"line":19,"column":17},"end":{"line":19,"column":29}},"6":{"start":{"line":20,"column":2},"end":{"line":39,"column":3}},"7":{"start":{"line":21,"column":17},"end":{"line":34,"column":7}},"8":{"start":{"line":21,"column":51},"end":{"line":34,"column":5}},"9":{"start":{"line":35,"column":4},"end":{"line":35,"column":35}},"10":{"start":{"line":36,"column":4},"end":{"line":36,"column":80}},"11":{"start":{"line":38,"column":4},"end":{"line":38,"column":69}},"12":{"start":{"line":42,"column":0},"end":{"line":70,"column":3}},"13":{"start":{"line":43,"column":53},"end":{"line":43,"column":61}},"14":{"start":{"line":44,"column":2},"end":{"line":46,"column":3}},"15":{"start":{"line":45,"column":4},"end":{"line":45,"column":59}},"16":{"start":{"line":48,"column":17},"end":{"line":48,"column":29}},"17":{"start":{"line":49,"column":2},"end":{"line":69,"column":3}},"18":{"start":{"line":50,"column":17},"end":{"line":64,"column":7}},"19":{"start":{"line":50,"column":51},"end":{"line":64,"column":5}},"20":{"start":{"line":65,"column":4},"end":{"line":65,"column":47}},"21":{"start":{"line":66,"column":4},"end":{"line":66,"column":80}},"22":{"start":{"line":68,"column":4},"end":{"line":68,"column":69}},"23":{"start":{"line":72,"column":0},"end":{"line":101,"column":3}},"24":{"start":{"line":73,"column":58},"end":{"line":73,"column":66}},"25":{"start":{"line":75,"column":2},"end":{"line":77,"column":3}},"26":{"start":{"line":76,"column":4},"end":{"line":76,"column":66}},"27":{"start":{"line":78,"column":17},"end":{"line":78,"column":29}},"28":{"start":{"line":79,"column":2},"end":{"line":100,"column":3}},"29":{"start":{"line":80,"column":17},"end":{"line":95,"column":7}},"30":{"start":{"line":80,"column":51},"end":{"line":95,"column":5}},"31":{"start":{"line":96,"column":4},"end":{"line":96,"column":34}},"32":{"start":{"line":97,"column":4},"end":{"line":97,"column":80}},"33":{"start":{"line":99,"column":4},"end":{"line":99,"column":69}},"34":{"start":{"line":103,"column":0},"end":{"line":157,"column":3}},"35":{"start":{"line":111,"column":6},"end":{"line":111,"column":14}},"36":{"start":{"line":112,"column":2},"end":{"line":114,"column":3}},"37":{"start":{"line":113,"column":4},"end":{"line":113,"column":66}},"38":{"start":{"line":116,"column":2},"end":{"line":116,"column":25}},"39":{"start":{"line":117,"column":2},"end":{"line":117,"column":29}},"40":{"start":{"line":119,"column":2},"end":{"line":130,"column":3}},"41":{"start":{"line":127,"column":4},"end":{"line":129,"column":7}},"42":{"start":{"line":132,"column":17},"end":{"line":132,"column":29}},"43":{"start":{"line":133,"column":2},"end":{"line":156,"column":3}},"44":{"start":{"line":134,"column":17},"end":{"line":151,"column":7}},"45":{"start":{"line":134,"column":51},"end":{"line":151,"column":5}},"46":{"start":{"line":152,"column":4},"end":{"line":152,"column":45}},"47":{"start":{"line":153,"column":4},"end":{"line":153,"column":80}},"48":{"start":{"line":155,"column":4},"end":{"line":155,"column":69}},"49":{"start":{"line":159,"column":0},"end":{"line":174,"column":3}},"50":{"start":{"line":160,"column":17},"end":{"line":160,"column":29}},"51":{"start":{"line":161,"column":2},"end":{"line":173,"column":3}},"52":{"start":{"line":162,"column":52},"end":{"line":165,"column":28}},"53":{"start":{"line":166,"column":4},"end":{"line":168,"column":5}},"54":{"start":{"line":167,"column":6},"end":{"line":167,"column":73}},"55":{"start":{"line":170,"column":4},"end":{"line":170,"column":54}},"56":{"start":{"line":172,"column":4},"end":{"line":172,"column":69}},"57":{"start":{"line":176,"column":0},"end":{"line":213,"column":3}},"58":{"start":{"line":177,"column":17},"end":{"line":177,"column":29}},"59":{"start":{"line":178,"column":22},"end":{"line":178,"column":31}},"60":{"start":{"line":180,"column":2},"end":{"line":212,"column":3}},"61":{"start":{"line":181,"column":18},"end":{"line":184,"column":6}},"62":{"start":{"line":186,"column":18},"end":{"line":189,"column":6}},"63":{"start":{"line":191,"column":24},"end":{"line":191,"column":69}},"64":{"start":{"line":192,"column":20},"end":{"line":192,"column":54}},"65":{"start":{"line":193,"column":20},"end":{"line":193,"column":71}},"66":{"start":{"line":193,"column":45},"end":{"line":193,"column":70}},"67":{"start":{"line":195,"column":4},"end":{"line":197,"column":5}},"68":{"start":{"line":196,"column":6},"end":{"line":196,"column":53}},"69":{"start":{"line":199,"column":4},"end":{"line":201,"column":5}},"70":{"start":{"line":200,"column":6},"end":{"line":200,"column":66}},"71":{"start":{"line":202,"column":23},"end":{"line":202,"column":74}},"72":{"start":{"line":203,"column":19},"end":{"line":203,"column":52}},"73":{"start":{"line":204,"column":23},"end":{"line":204,"column":49}},"74":{"start":{"line":205,"column":4},"end":{"line":209,"column":7}},"75":{"start":{"line":211,"column":4},"end":{"line":211,"column":80}},"76":{"start":{"line":215,"column":0},"end":{"line":245,"column":3}},"77":{"start":{"line":216,"column":17},"end":{"line":216,"column":29}},"78":{"start":{"line":217,"column":22},"end":{"line":217,"column":31}},"79":{"start":{"line":218,"column":53},"end":{"line":218,"column":61}},"80":{"start":{"line":219,"column":2},"end":{"line":244,"column":3}},"81":{"start":{"line":220,"column":18},"end":{"line":223,"column":6}},"82":{"start":{"line":224,"column":16},"end":{"line":230,"column":6}},"83":{"start":{"line":231,"column":4},"end":{"line":235,"column":7}},"84":{"start":{"line":237,"column":4},"end":{"line":239,"column":66}},"85":{"start":{"line":241,"column":4},"end":{"line":243,"column":66}},"86":{"start":{"line":247,"column":0},"end":{"line":274,"column":3}},"87":{"start":{"line":248,"column":22},"end":{"line":248,"column":31}},"88":{"start":{"line":249,"column":17},"end":{"line":249,"column":29}},"89":{"start":{"line":250,"column":2},"end":{"line":273,"column":3}},"90":{"start":{"line":251,"column":18},"end":{"line":254,"column":6}},"91":{"start":{"line":256,"column":4},"end":{"line":259,"column":7}},"92":{"start":{"line":261,"column":40},"end":{"line":264,"column":30}},"93":{"start":{"line":266,"column":4},"end":{"line":268,"column":5}},"94":{"start":{"line":267,"column":6},"end":{"line":267,"column":67}},"95":{"start":{"line":270,"column":4},"end":{"line":270,"column":69}},"96":{"start":{"line":272,"column":4},"end":{"line":272,"column":71}}},"fnMap":{"0":{"name":"(anonymous_0)","decl":{"start":{"line":12,"column":42},"end":{"line":12,"column":43}},"loc":{"start":{"line":12,"column":62},"end":{"line":40,"column":1}},"line":12},"1":{"name":"(anonymous_1)","decl":{"start":{"line":21,"column":35},"end":{"line":21,"column":36}},"loc":{"start":{"line":21,"column":51},"end":{"line":34,"column":5}},"line":21},"2":{"name":"(anonymous_2)","decl":{"start":{"line":42,"column":55},"end":{"line":42,"column":56}},"loc":{"start":{"line":42,"column":75},"end":{"line":70,"column":1}},"line":42},"3":{"name":"(anonymous_3)","decl":{"start":{"line":50,"column":35},"end":{"line":50,"column":36}},"loc":{"start":{"line":50,"column":51},"end":{"line":64,"column":5}},"line":50},"4":{"name":"(anonymous_4)","decl":{"start":{"line":72,"column":40},"end":{"line":72,"column":41}},"loc":{"start":{"line":72,"column":60},"end":{"line":101,"column":1}},"line":72},"5":{"name":"(anonymous_5)","decl":{"start":{"line":80,"column":35},"end":{"line":80,"column":36}},"loc":{"start":{"line":80,"column":51},"end":{"line":95,"column":5}},"line":80},"6":{"name":"(anonymous_6)","decl":{"start":{"line":103,"column":52},"end":{"line":103,"column":53}},"loc":{"start":{"line":103,"column":72},"end":{"line":157,"column":1}},"line":103},"7":{"name":"(anonymous_7)","decl":{"start":{"line":134,"column":35},"end":{"line":134,"column":36}},"loc":{"start":{"line":134,"column":51},"end":{"line":151,"column":5}},"line":134},"8":{"name":"(anonymous_8)","decl":{"start":{"line":159,"column":39},"end":{"line":159,"column":40}},"loc":{"start":{"line":159,"column":59},"end":{"line":174,"column":1}},"line":159},"9":{"name":"(anonymous_9)","decl":{"start":{"line":176,"column":47},"end":{"line":176,"column":48}},"loc":{"start":{"line":176,"column":67},"end":{"line":213,"column":1}},"line":176},"10":{"name":"(anonymous_10)","decl":{"start":{"line":193,"column":33},"end":{"line":193,"column":34}},"loc":{"start":{"line":193,"column":45},"end":{"line":193,"column":70}},"line":193},"11":{"name":"(anonymous_11)","decl":{"start":{"line":215,"column":41},"end":{"line":215,"column":42}},"loc":{"start":{"line":215,"column":61},"end":{"line":245,"column":1}},"line":215},"12":{"name":"(anonymous_12)","decl":{"start":{"line":247,"column":44},"end":{"line":247,"column":45}},"loc":{"start":{"line":247,"column":64},"end":{"line":274,"column":1}},"line":247}},"branchMap":{"0":{"loc":{"start":{"line":15,"column":2},"end":{"line":17,"column":3}},"type":"if","locations":[{"start":{"line":15,"column":2},"end":{"line":17,"column":3}},{"start":{},"end":{}}],"line":15},"1":{"loc":{"start":{"line":44,"column":2},"end":{"line":46,"column":3}},"type":"if","locations":[{"start":{"line":44,"column":2},"end":{"line":46,"column":3}},{"start":{},"end":{}}],"line":44},"2":{"loc":{"start":{"line":75,"column":2},"end":{"line":77,"column":3}},"type":"if","locations":[{"start":{"line":75,"column":2},"end":{"line":77,"column":3}},{"start":{},"end":{}}],"line":75},"3":{"loc":{"start":{"line":112,"column":2},"end":{"line":114,"column":3}},"type":"if","locations":[{"start":{"line":112,"column":2},"end":{"line":114,"column":3}},{"start":{},"end":{}}],"line":112},"4":{"loc":{"start":{"line":119,"column":2},"end":{"line":130,"column":3}},"type":"if","locations":[{"start":{"line":119,"column":2},"end":{"line":130,"column":3}},{"start":{},"end":{}}],"line":119},"5":{"loc":{"start":{"line":120,"column":4},"end":{"line":125,"column":39}},"type":"binary-expr","locations":[{"start":{"line":120,"column":4},"end":{"line":120,"column":14}},{"start":{"line":121,"column":4},"end":{"line":121,"column":13}},{"start":{"line":122,"column":4},"end":{"line":122,"column":18}},{"start":{"line":123,"column":4},"end":{"line":123,"column":12}},{"start":{"line":124,"column":4},"end":{"line":124,"column":35}},{"start":{"line":125,"column":4},"end":{"line":125,"column":39}}],"line":120},"6":{"loc":{"start":{"line":166,"column":4},"end":{"line":168,"column":5}},"type":"if","locations":[{"start":{"line":166,"column":4},"end":{"line":168,"column":5}},{"start":{},"end":{}}],"line":166},"7":{"loc":{"start":{"line":195,"column":4},"end":{"line":197,"column":5}},"type":"if","locations":[{"start":{"line":195,"column":4},"end":{"line":197,"column":5}},{"start":{},"end":{}}],"line":195},"8":{"loc":{"start":{"line":199,"column":4},"end":{"line":201,"column":5}},"type":"if","locations":[{"start":{"line":199,"column":4},"end":{"line":201,"column":5}},{"start":{},"end":{}}],"line":199},"9":{"loc":{"start":{"line":266,"column":4},"end":{"line":268,"column":5}},"type":"if","locations":[{"start":{"line":266,"column":4},"end":{"line":268,"column":5}},{"start":{},"end":{}}],"line":266}},"s":{"0":1,"1":1,"2":2,"3":2,"4":1,"5":2,"6":2,"7":2,"8":7,"9":2,"10":2,"11":1,"12":1,"13":2,"14":2,"15":1,"16":2,"17":2,"18":2,"19":7,"20":2,"21":2,"22":1,"23":1,"24":2,"25":2,"26":1,"27":2,"28":2,"29":2,"30":7,"31":2,"32":2,"33":1,"34":1,"35":3,"36":3,"37":1,"38":3,"39":3,"40":3,"41":1,"42":2,"43":2,"44":2,"45":7,"46":2,"47":2,"48":1,"49":1,"50":2,"51":2,"52":2,"53":2,"54":1,"55":1,"56":0,"57":1,"58":2,"59":2,"60":2,"61":2,"62":1,"63":1,"64":1,"65":1,"66":1,"67":1,"68":0,"69":1,"70":0,"71":1,"72":1,"73":1,"74":1,"75":1,"76":1,"77":2,"78":2,"79":2,"80":2,"81":2,"82":1,"83":1,"84":1,"85":1,"86":1,"87":3,"88":3,"89":3,"90":3,"91":2,"92":2,"93":2,"94":1,"95":1,"96":1},"f":{"0":2,"1":7,"2":2,"3":7,"4":2,"5":7,"6":3,"7":7,"8":2,"9":2,"10":1,"11":2,"12":3},"b":{"0":[1,1],"1":[1,1],"2":[1,1],"3":[1,2],"4":[1,2],"5":[3,3,3,3,3,2],"6":[1,1],"7":[0,1],"8":[0,1],"9":[1,1]},"inputSourceMap":null,"_coverageSchema":"1a1c01bbd47fc00a2c39e90264f33305004495a9","hash":"2297c41339edc4c7e8f07929449d2cd73faa0ca7"}
[...]
umn":19}},{"start":{"line":341,"column":23},"end":{"line":341,"column":38}}],"line":341},"23":{"loc":{"start":{"line":345,"column":4},"end":{"line":347,"column":5}},"type":"if","locations":[{"start":{"line":345,"column":4},"end":{"line":347,"column":5}},{"start":{},"end":{}}],"line":345},"24":{"loc":{"start":{"line":345,"column":8},"end":{"line":345,"column":64}},"type":"binary-expr","locations":[{"start":{"line":345,"column":8},"end":{"line":345,"column":18}},{"start":{"line":345,"column":22},"end":{"line":345,"column":64}}],"line":345},"25":{"loc":{"start":{"line":345,"column":24},"end":{"line":345,"column":63}},"type":"binary-expr","locations":[{"start":{"line":345,"column":24},"end":{"line":345,"column":39}},{"start":{"line":345,"column":43},"end":{"line":345,"column":63}}],"line":345},"26":{"loc":{"start":{"line":349,"column":4},"end":{"line":351,"column":5}},"type":"if","locations":[{"start":{"line":349,"column":4},"end":{"line":351,"column":5}},{"start":{},"end":{}}],"line":349},"27":{"loc":{"start":{"line":349,"column":8},"end":{"line":349,"column":76}},"type":"binary-expr","locations":[{"start":{"line":349,"column":8},"end":{"line":349,"column":22}},{"start":{"line":349,"column":26},"end":{"line":349,"column":76}}],"line":349},"28":{"loc":{"start":{"line":349,"column":28},"end":{"line":349,"column":75}},"type":"binary-expr","locations":[{"start":{"line":349,"column":28},"end":{"line":349,"column":47}},{"start":{"line":349,"column":51},"end":{"line":349,"column":75}}],"line":349},"29":{"loc":{"start":{"line":355,"column":4},"end":{"line":370,"column":5}},"type":"if","locations":[{"start":{"line":355,"column":4},"end":{"line":370,"column":5}},{"start":{},"end":{}}],"line":355},"30":{"loc":{"start":{"line":355,"column":8},"end":{"line":355,"column":61}},"type":"binary-expr","locations":[{"start":{"line":355,"column":8},"end":{"line":355,"column":23}},{"start":{"line":355,"column":27},"end":{"line":355,"column":47}},{"start":{"line":355,"column":51},"end":{"line":355,"column":61}}],"line":355},"31":{"loc":{"start":{"line":372,"column":4},"end":{"line":388,"column":5}},"type":"if","locations":[{"start":{"line":372,"column":4},"end":{"line":388,"column":5}},{"start":{},"end":{}}],"line":372},"32":{"loc":{"start":{"line":372,"column":8},"end":{"line":372,"column":73}},"type":"binary-expr","locations":[{"start":{"line":372,"column":8},"end":{"line":372,"column":27}},{"start":{"line":372,"column":31},"end":{"line":372,"column":55}},{"start":{"line":372,"column":59},"end":{"line":372,"column":73}}],"line":372},"33":{"loc":{"start":{"line":390,"column":4},"end":{"line":392,"column":5}},"type":"if","locations":[{"start":{"line":390,"column":4},"end":{"line":392,"column":5}},{"start":{},"end":{}}],"line":390},"34":{"loc":{"start":{"line":409,"column":4},"end":{"line":411,"column":5}},"type":"if","locations":[{"start":{"line":409,"column":4},"end":{"line":411,"column":5}},{"start":{},"end":{}}],"line":409},"35":{"loc":{"start":{"line":413,"column":4},"end":{"line":415,"column":5}},"type":"if","locations":[{"start":{"line":413,"column":4},"end":{"line":415,"column":5}},{"start":{},"end":{}}],"line":413},"36":{"loc":{"start":{"line":449,"column":4},"end":{"line":451,"column":5}},"type":"if","locations":[{"start":{"line":449,"column":4},"end":{"line":451,"column":5}},{"start":{},"end":{}}],"line":449},"37":{"loc":{"start":{"line":473,"column":4},"end":{"line":475,"column":5}},"type":"if","locations":[{"start":{"line":473,"column":4},"end":{"line":475,"column":5}},{"start":{},"end":{}}],"line":473},"38":{"loc":{"start":{"line":473,"column":8},"end":{"line":473,"column":52}},"type":"binary-expr","locations":[{"start":{"line":473,"column":8},"end":{"line":473,"column":29}},{"start":{"line":473,"column":33},"end":{"line":473,"column":52}}],"line":473},"39":{"loc":{"start":{"line":559,"column":4},"end":{"line":561,"column":5}},"type":"if","locations":[{"start":{"line":559,"column":4},"end":{"line":561,"column":5}},{"start":{},"end":{}}],"line":559}},"s":{"0":1,"1":1,"2":1,"3":1,"4":2,"5":2,"6":6,"7":6,"8":2,"9":4,"10":4,"11":4,"12":4,"13":3,"14":3,"15":1,"16":2,"17":2,"18":2,"19":2,"20":2,"21":2,"22":2,"23":2,"24":1,"25":1,"26":1,"27":4,"28":4,"29":1,"30":3,"31":3,"32":3,"33":3,"34":2,"35":2,"36":2,"37":2,"38":1,"39":1,"40":1,"41":4,"42":1,"43":3,"44":3,"45":3,"46":3,"47":3,"48":1,"49":2,"50":2,"51":1,"52":1,"53":1,"54":1,"55":1,"56":2,"57":1,"58":0,"59":1,"60":0,"61":1,"62":1,"63":1,"64":1,"65":1,"66":1,"67":1,"68":1,"69":1,"70":1,"71":0,"72":1,"73":1,"74":1,"75":0,"76":1,"77":1,"78":2,"79":7,"80":1,"81":6,"82":6,"83":6,"84":6,"85":6,"86":6,"87":1,"88":5,"89":2,"90":3,"91":1,"92":2,"93":0,"94":2,"95":2,"96":2,"97":2,"98":2,"99":0,"100":2,"101":1,"102":1,"103":1,"104":0,"105":2,"106":0,"107":2,"108":2,"109":2,"110":2,"111":2,"112":2,"113":2,"114":4,"115":2,"116":0,"117":2,"118":0,"119":2,"120":2,"121":2,"122":2,"123":2,"124":2,"125":2,"126":2,"127":2,"128":2,"129":0,"130":2,"131":2,"132":2,"133":0,"134":2,"135":2,"136":4,"137":2,"138":2,"139":2,"140":2,"141":2,"142":2,"143":2,"144":2,"145":1,"146":1,"147":0,"148":1,"149":1},"f":{"0":2,"1":2,"2":6,"3":4,"4":4,"5":1,"6":2,"7":7,"8":2,"9":4,"10":2},"b":{"0":[0],"1":[2,0],"2":[2,0],"3":[2,4],"4":[6,5,4,4,4],"5":[1,2],"6":[1,1],"7":[1,3],"8":[4,4,3,3,3,3],"9":[1,1],"10":[1,3],"11":[4,4,3,3,3,3,3],"12":[1,2],"13":[0,1],"14":[0,1],"15":[0,1],"16":[0,1],"17":[1,1],"18":[1,6],"19":[7,7,6,6,6,6,6],"20":[1,5],"21":[2,3],"22":[5,2],"23":[1,2],"24":[3,3],"25":[3,2],"26":[0,2],"27":[2,1],"28":[1,1],"29":[2,0],"30":[2,2,2],"31":[1,1],"32":[2,2,2],"33":[0,2],"34":[0,2],"35":[0,2],"36":[0,2],"37":[0,2],"38":[2,2],"39":[0,1]},"inputSourceMap":null,"_coverageSchema":"1a1c01bbd47fc00a2c39e90264f33305004495a9","hash":"5fc5a5acc9599611546c20a531c88355bfcb43ba"}
,"/Users/baronliu/Desktop/baron/palettebackend/API/services/googleServices.js": {"path":"/Users/baronliu/Desktop/baron/palettebackend/API/services/googleServices.js","statementMap":{"0":{"start":{"line":6,"column":25},"end":{"line":6,"column":53}},"1":{"start":{"line":8,"column":21},"end":{"line":12,"column":1}},"2":{"start":{"line":15,"column":15},"end":{"line":15,"column":22}},"3":{"start":{"line":16,"column":2},"end":{"line":18,"column":3}},"4":{"start":{"line":17,"column":4},"end":{"line":17,"column":18}},"5":{"start":{"line":19,"column":2},"end":{"line":19,"column":56}},"6":{"start":{"line":20,"column":17},"end":{"line":20,"column":46}},"7":{"start":{"line":21,"column":2},"end":{"line":21,"column":34}},"8":{"start":{"line":25,"column":2},"end":{"line":74,"column":3}},"9":{"start":{"line":26,"column":51},"end":{"line":30,"column":15}},"10":{"start":{"line":32,"column":4},"end":{"line":34,"column":5}},"11":{"start":{"line":33,"column":6},"end":{"line":33,"column":50}},"12":{"start":{"line":36,"column":33},"end":{"line":36,"column":73}},"13":{"start":{"line":37,"column":34},"end":{"line":37,"column":77}},"14":{"start":{"line":39,"column":4},"end":{"line":41,"column":5}},"15":{"start":{"line":40,"column":6},"end":{"line":40,"column":48}},"16":{"start":{"line":43,"column":4},"end":{"line":46,"column":7}},"17":{"start":{"line":48,"column":32},"end":{"line":48,"column":67}},"18":{"start":{"line":50,"column":27},"end":{"line":50,"column":52}},"19":{"start":{"line":52,"column":33},"end":{"line":52,"column":61}},"20":{"start":{"line":54,"column":43},"end":{"line":57,"column":28}},"21":{"start":{"line":59,"column":4},"end":{"line":61,"column":5}},"22":{"start":{"line":60,"column":6},"end":{"line":60,"column":48}},"23":{"start":{"line":63,"column":4},"end":{"line":67,"column":5}},"24":{"start":{"line":64,"column":20},"end":{"line":64,"column":71}},"25":{"start":{"line":65,"column":20},"end":{"line":65,"column":71}},"26":{"start":{"line":66,"column":6},"end":{"line":66,"column":30}},"27":{"start":{"line":69,"column":18},"end":{"line":69,"column":69}},"28":{"start":{"line":70,"column":4},"end":{"line":70,"column":17}},"29":{"start":{"line":72,"column":4},"end":{"line":72,"column":21}},"30":{"start":{"line":73,"column":4},"end":{"line":73,"column":45}},"31":{"start":{"line":78,"column":14},"end":{"line":81,"column":3}},"32":{"start":{"line":82,"column":2},"end":{"line":82,"column":31}},"33":{"start":{"line":93,"column":24},"end":{"line":93,"column":57}},"34":{"start":{"line":94,"column":23},"end":{"line":94,"column":51}},"35":{"start":{"line":95,"column":15},"end":{"line":102,"column":4}},"36":{"start":{"line":104,"column":2},"end":{"line":118,"column":5}},"37":{"start":{"line":105,"column":4},"end":{"line":117,"column":7}},"38":{"start":{"line":106,"column":6},"end":{"line":108,"column":7}},"39":{"start":{"line":107,"column":8},"end":{"line":107,"column":27}},"40":{"start":{"line":110,"column":29},"end":{"line":114,"column":27}},"41":{"start":{"line":116,"column":6},"end":{"line":116,"column":30}},"42":{"start":{"line":131,"column":24},"end":{"line":131,"column":57}},"43":{"start":{"line":132,"column":18},"end":{"line":132,"column":20}},"44":{"start":{"line":133,"column":24},"end":{"line":133,"column":145}},"45":{"start":{"line":134,"column":24},"end":{"line":134,"column":44}},"46":{"start":{"line":136,"column":2},"end":{"line":139,"column":3}},"47":{"start":{"line":137,"column":4},"end":{"line":137,"column":48}},"48":{"start":{"line":138,"column":4},"end":{"line":138,"column":47}},"49":{"start":{"line":141,"column":23},"end":{"line":141,"column":39}},"50":{"start":{"line":142,"column":15},"end":{"line":148,"column":4}},"51":{"start":{"line":150,"column":2},"end":{"line":162,"column":5}},"52":{"start":{"line":151,"column":4},"end":{"line":161,"column":7}},"53":{"start":{"line":152,"column":6},"end":{"line":152,"column":34}},"54":{"start":{"line":152,"column":15},"end":{"line":152,"column":34}},"55":{"start":{"line":154,"column":29},"end":{"line":158,"column":27}},"56":{"start":{"line":160,"column":6},"end":{"line":160,"column":30}}},"fnMap":{"0":{"name":"decodeBody","decl":{"start":{"line":14,"column":16},"end":{"line":14,"column":26}},"loc":{"start":{"line":14,"column":36},"end":{"line":22,"column":1}},"line":14},"1":{"name":"configureOAuth","decl":{"start":{"line":24,"column":22},"end":{"line":24,"column":36}},"loc":{"start":{"line":24,"column":79},"end":{"line":75,"column":1}},"line":24},"2":{"name":"getDriveFileBuffer","decl":{"start":{"line":77,"column":22},"end":{"line":77,"column":40}},"loc":{"start":{"line":77,"column":56},"end":{"line":83,"column":1}},"line":77},"3":{"name":"makeBody","decl":{"start":{"line":85,"column":22},"end":{"line":85,"column":30}},"loc":{"start":{"line":92,"column":3},"end":{"line":119,"column":1}},"line":92},"4":{"name":"(anonymous_4)","decl":{"start":{"line":104,"column":21},"end":{"line":104,"column":22}},"loc":{"start":{"line":104,"column":42},"end":{"line":118,"column":3}},"line":104},"5":{"name":"(anonymous_5)","decl":{"start":{"line":105,"column":25},"end":{"line":105,"column":26}},"loc":{"start":{"line":105,"column":43},"end":{"line":117,"column":5}},"line":105},"6":{"name":"makeReplyBody","decl":{"start":{"line":121,"column":22},"end":{"line":121,"column":35}},"loc":{"start":{"line":130,"column":3},"end":{"line":163,"column":1}},"line":130},"7":{"name":"(anonymous_7)","decl":{"start":{"line":150,"column":21},"end":{"line":150,"column":22}},"loc":{"start":{"line":150,"column":42},"end":{"line":162,"column":3}},"line":150},"8":{"name":"(anonymous_8)","decl":{"start":{"line":151,"column":25},"end":{"line":151,"column":26}},"loc":{"start":{"line":151,"column":43},"end":{"line":161,"column":5}},"line":151}},"branchMap":{"0":{"loc":{"start":{"line":24,"column":57},"end":{"line":24,"column":75}},"type":"default-arg","locations":[{"start":{"line":24,"column":70},"end":{"line":24,"column":75}}],"line":24},"1":{"loc":{"start":{"line":32,"column":4},"end":{"line":34,"column":5}},"type":"if","locations":[{"start":{"line":32,"column":4},"end":{"line":34,"column":5}},{"start":{},"end":{}}],"line":32},"2":{"loc":{"start":{"line":32,"column":8},"end":{"line":32,"column":32}},"type":"binary-expr","locations":[{"start":{"line":32,"column":8},"end":{"line":32,"column":18}},{"start":{"line":32,"column":22},"end":{"line":32,"column":32}}],"line":32},"3":{"loc":{"start":{"line":39,"column":4},"end":{"line":41,"column":5}},"type":"if","locations":[{"start":{"line":39,"column":4},"end":{"line":41,"column":5}},{"start":{},"end":{}}],"line":39},"4":{"loc":{"start":{"line":59,"column":4},"end":{"line":61,"column":5}},"type":"if","locations":[{"start":{"line":59,"column":4},"end":{"line":61,"column":5}},{"start":{},"end":{}}],"line":59},"5":{"loc":{"start":{"line":63,"column":4},"end":{"line":67,"column":5}},"type":"if","locations":[{"start":{"line":63,"column":4},"end":{"line":67,"column":5}},{"start":{},"end":{}}],"line":63},"6":{"loc":{"start":{"line":91,"column":2},"end":{"line":91,"column":18}},"type":"default-arg","locations":[{"start":{"line":91,"column":16},"end":{"line":91,"column":18}}],"line":91},"7":{"loc":{"start":{"line":93,"column":24},"end":{"line":93,"column":57}},"type":"cond-expr","locations":[{"start":{"line":93,"column":31},"end":{"line":93,"column":50}},{"start":{"line":93,"column":53},"end":{"line":93,"column":57}}],"line":93},"8":{"loc":{"start":{"line":106,"column":6},"end":{"line":108,"column":7}},"type":"if","locations":[{"start":{"line":106,"column":6},"end":{"line":108,"column":7}},{"start":{},"end":{}}],"line":106},"9":{"loc":{"start":{"line":129,"column":2},"end":{"line":129,"column":18}},"type":"default-arg","locations":[{"start":{"line":129,"column":16},"end":{"line":129,"column":18}}],"line":129},"10":{"loc":{"start":{"line":131,"column":24},"end":{"line":131,"column":57}},"type":"cond-expr","locations":[{"start":{"line":131,"column":31},"end":{"line":131,"column":50}},{"start":{"line":131,"column":53},"end":{"line":131,"column":57}}],"line":131},"11":{"loc":{"start":{"line":136,"column":2},"end":{"line":139,"column":3}},"type":"if","locations":[{"start":{"line":136,"column":2},"end":{"line":139,"column":3}},{"start":{},"end":{}}],"line":136},"12":{"loc":{"start":{"line":152,"column":6},"end":{"line":152,"column":34}},"type":"if","locations":[{"start":{"line":152,"column":6},"end":{"line":152,"column":34}},{"start":{},"end":{}}],"line":152}},"s":{"0":1,"1":1,"2":3,"3":3,"4":3,"5":3,"6":3,"7":3,"8":3,"9":3,"10":3,"11":1,"12":2,"13":2,"14":2,"15":0,"16":2,"17":2,"18":2,"19":2,"20":2,"21":2,"22":0,"23":2,"24":1,"25":1,"26":1,"27":1,"28":1,"29":1,"30":1,"31":2,"32":1,"33":3,"34":3,"35":3,"36":3,"37":3,"38":3,"39":0,"40":3,"41":3,"42":2,"43":2,"44":2,"45":2,"46":2,"47":1,"48":1,"49":2,"50":2,"51":2,"52":2,"53":2,"54":0,"55":2,"56":2},"f":{"0":3,"1":3,"2":2,"3":3,"4":3,"5":3,"6":2,"7":2,"8":2},"b":{"0":[2],"1":[1,2],"2":[3,2],"3":[0,2],"4":[0,2],"5":[1,1],"6":[2],"7":[2,1],"8":[0,3],"9":[2],"10":[2,0],"11":[1,1],"12":[0,2]},"inputSourceMap":null,"_coverageSchema":"1a1c01bbd47fc00a2c39e90264f33305004495a9","hash":"59b16c005ad8f6fb7710ac36d041f356b5f6b33f"}
,"/Users/baronliu/Desktop/baron/palettebackend/API/services/storageServices.js": {"path":"/Users/baronliu/Desktop/baron/palettebackend/API/services/storageServices.js","statementMap":{"0":{"start":{"line":5,"column":0},"end":{"line":5,"column":16}},"1":{"start":{"line":7,"column":24},"end":{"line":10,"column":1}},"2":{"start":{"line":17,"column":2},"end":{"line":37,"column":3}},"3":{"start":{"line":18,"column":4},"end":{"line":20,"column":5}},"4":{"start":{"line":19,"column":6},"end":{"line":19,"column":53}},"5":{"start":{"line":22,"column":21},"end":{"line":22,"column":60}},"6":{"start":{"line":24,"column":28},"end":{"line":28,"column":8}},"7":{"start":{"line":30,"column":4},"end":{"line":32,"column":5}},"8":{"start":{"line":31,"column":6},"end":{"line":31,"column":48}},"9":{"start":{"line":34,"column":4},"end":{"line":34,"column":16}},"10":{"start":{"line":36,"column":4},"end":{"line":36,"column":61}},"11":{"start":{"line":41,"column":2},"end":{"line":56,"column":3}},"12":{"start":{"line":42,"column":4},"end":{"line":44,"column":5}},"13":{"start":{"line":43,"column":6},"end":{"line":43,"column":44}},"14":{"start":{"line":46,"column":28},"end":{"line":48,"column":67}},"15":{"start":{"line":50,"column":4},"end":{"line":52,"column":5}},"16":{"start":{"line":51,"column":6},"end":{"line":51,"column":57}},"17":{"start":{"line":53,"column":4},"end":{"line":53,"column":16}},"18":{"start":{"line":55,"column":4},"end":{"line":55,"column":45}},"19":{"start":{"line":60,"column":2},"end":{"line":73,"column":3}},"20":{"start":{"line":61,"column":4},"end":{"line":63,"column":5}},"21":{"start":{"line":62,"column":6},"end":{"line":62,"column":44}},"22":{"start":{"line":64,"column":22},"end":{"line":66,"column":56}},"23":{"start":{"line":68,"column":4},"end":{"line":70,"column":5}},"24":{"start":{"line":69,"column":6},"end":{"line":69,"column":57}},"25":{"start":{"line":72,"column":4},"end":{"line":72,"column":45}}},"fnMap":{"0":{"name":"generateUploadPresignedURL","decl":{"start":{"line":12,"column":22},"end":{"line":12,"column":48}},"loc":{"start":{"line":16,"column":3},"end":{"line":38,"column":1}},"line":16},"1":{"name":"generateGetPresignedURL","decl":{"start":{"line":40,"column":22},"end":{"line":40,"column":45}},"loc":{"start":{"line":40,"column":78},"end":{"line":57,"column":1}},"line":40},"2":{"name":"deleteFile","decl":{"start":{"line":59,"column":22},"end":{"line":59,"column":32}},"loc":{"start":{"line":59,"column":65},"end":{"line":74,"column":1}},"line":59}},"branchMap":{"0":{"loc":{"start":{"line":18,"column":4},"end":{"line":20,"column":5}},"type":"if","locations":[{"start":{"line":18,"column":4},"end":{"line":20,"column":5}},{"start":{},"end":{}}],"line":18},"1":{"loc":{"start":{"line":18,"column":8},"end":{"line":18,"column":41}},"type":"binary-expr","locations":[{"start":{"line":18,"column":8},"end":{"line":18,"column":15}},{"start":{"line":18,"column":19},"end":{"line":18,"column":28}},{"start":{"line":18,"column":32},"end":{"line":18,"column":41}}],"line":18},"2":{"loc":{"start":{"line":30,"column":4},"end":{"line":32,"column":5}},"type":"if","locations":[{"start":{"line":30,"column":4},"end":{"line":32,"column":5}},{"start":{},"end":{}}],"line":30},"3":{"loc":{"start":{"line":42,"column":4},"end":{"line":44,"column":5}},"type":"if","locations":[{"start":{"line":42,"column":4},"end":{"line":44,"column":5}},{"start":{},"end":{}}],"line":42},"4":{"loc":{"start":{"line":42,"column":8},"end":{"line":42,"column":41}},"type":"binary-expr","locations":[{"start":{"line":42,"column":8},"end":{"line":42,"column":15}},{"start":{"line":42,"column":19},"end":{"line":42,"column":28}},{"start":{"line":42,"column":32},"end":{"line":42,"column":41}}],"line":42},"5":{"loc":{"start":{"line":50,"column":4},"end":{"line":52,"column":5}},"type":"if","locations":[{"start":{"line":50,"column":4},"end":{"line":52,"column":5}},{"start":{},"end":{}}],"line":50},"6":{"loc":{"start":{"line":61,"column":4},"end":{"line":63,"column":5}},"type":"if","locations":[{"start":{"line":61,"column":4},"end":{"line":63,"column":5}},{"start":{},"end":{}}],"line":61},"7":{"loc":{"start":{"line":61,"column":8},"end":{"line":61,"column":41}},"type":"binary-expr","locations":[{"start":{"line":61,"column":8},"end":{"line":61,"column":15}},{"start":{"line":61,"column":19},"end":{"line":61,"column":28}},{"start":{"line":61,"column":32},"end":{"line":61,"column":41}}],"line":61},"8":{"loc":{"start":{"line":68,"column":4},"end":{"line":70,"column":5}},"type":"if","locations":[{"start":{"line":68,"column":4},"end":{"line":70,"column":5}},{"start":{},"end":{}}],"line":68}},"s":{"0":1,"1":1,"2":4,"3":4,"4":2,"5":2,"6":2,"7":2,"8":1,"9":1,"10":3,"11":3,"12":3,"13":1,"14":2,"15":2,"16":1,"17":1,"18":2,"19":3,"20":3,"21":1,"22":2,"23":2,"24":1,"25":2},"f":{"0":4,"1":3,"2":3},"b":{"0":[2,2],"1":[4,3,2],"2":[1,1],"3":[1,2],"4":[3,3,2],"5":[1,1],"6":[1,2],"7":[3,3,2],"8":[1,1]},"inputSourceMap":null,"_coverageSchema":"1a1c01bbd47fc00a2c39e90264f33305004495a9","hash":"bfb9ac3cb22745b69cba4917a6b02ccdf806c295"}
}
