TN:
SF:router/auth/authrouter.js
FN:27,(anonymous_0)
FN:54,(anonymous_1)
FN:80,(anonymous_2)
FN:105,(anonymous_3)
FN:172,(anonymous_4)
FN:248,(anonymous_5)
FN:271,(anonymous_6)
FN:290,(anonymous_7)
FN:320,(anonymous_8)
FN:341,(anonymous_9)
FN:405,(anonymous_10)
FN:437,(anonymous_11)
FN:476,(anonymous_12)
FN:495,(anonymous_13)
FN:559,(anonymous_14)
FN:567,(anonymous_15)
FN:580,(anonymous_16)
FNF:17
FNH:15
FNDA:2,(anonymous_0)
FNDA:1,(anonymous_1)
FNDA:0,(anonymous_2)
FNDA:4,(anonymous_3)
FNDA:3,(anonymous_4)
FNDA:2,(anonymous_5)
FNDA:2,(anonymous_6)
FNDA:4,(anonymous_7)
FNDA:2,(anonymous_8)
FNDA:5,(anonymous_9)
FNDA:0,(anonymous_10)
FNDA:2,(anonymous_11)
FNDA:2,(anonymous_12)
FNDA:4,(anonymous_13)
FNDA:2,(anonymous_14)
FNDA:2,(anonymous_15)
FNDA:3,(anonymous_16)
DA:14,1
DA:16,1
DA:18,1
DA:24,1
DA:25,1
DA:27,1
DA:28,2
DA:30,2
DA:42,2
DA:43,1
DA:46,1
DA:47,1
DA:50,0
DA:54,1
DA:55,1
DA:57,1
DA:68,1
DA:69,0
DA:72,1
DA:73,1
DA:76,0
DA:80,1
DA:81,0
DA:83,0
DA:93,0
DA:94,0
DA:97,0
DA:98,0
DA:101,0
DA:105,1
DA:106,4
DA:108,4
DA:110,4
DA:112,4
DA:113,1
DA:117,3
DA:118,3
DA:120,3
DA:126,3
DA:132,3
DA:133,2
DA:134,2
DA:143,2
DA:144,1
DA:147,0
DA:155,0
DA:156,0
DA:161,2
DA:167,0
DA:172,1
DA:173,3
DA:175,3
DA:176,1
DA:179,2
DA:181,2
DA:182,2
DA:183,0
DA:188,2
DA:189,2
DA:191,2
DA:197,2
DA:203,2
DA:204,1
DA:211,1
DA:212,1
DA:221,1
DA:222,0
DA:225,0
DA:233,0
DA:234,0
DA:238,1
DA:244,0
DA:248,1
DA:249,2
DA:250,2
DA:252,2
DA:256,2
DA:257,1
DA:262,1
DA:267,0
DA:271,1
DA:272,2
DA:274,2
DA:275,2
DA:280,2
DA:281,1
DA:284,1
DA:286,0
DA:290,1
DA:291,4
DA:292,4
DA:294,4
DA:295,1
DA:298,3
DA:299,3
DA:300,1
DA:303,2
DA:304,2
DA:305,1
DA:310,1
DA:314,0
DA:320,1
DA:321,2
DA:322,2
DA:323,2
DA:328,2
DA:329,1
DA:332,1
DA:336,0
DA:341,1
DA:347,5
DA:349,5
DA:350,5
DA:356,5
DA:357,0
DA:360,5
DA:361,1
DA:366,4
DA:373,1
DA:376,3
DA:377,1
DA:380,2
DA:381,2
DA:382,2
DA:383,1
DA:396,1
DA:397,0
DA:399,1
DA:401,1
DA:405,1
DA:406,0
DA:408,0
DA:409,0
DA:412,0
DA:414,0
DA:416,0
DA:418,0
DA:419,0
DA:422,0
DA:428,0
DA:429,0
DA:431,0
DA:433,0
DA:437,1
DA:438,2
DA:440,2
DA:441,0
DA:444,2
DA:446,2
DA:450,2
DA:452,2
DA:453,1
DA:456,1
DA:461,1
DA:462,0
DA:465,1
DA:472,0
DA:476,1
DA:477,2
DA:478,2
DA:479,2
DA:485,2
DA:486,1
DA:489,1
DA:491,0
DA:495,1
DA:496,4
DA:497,4
DA:499,4
DA:505,4
DA:506,0
DA:508,4
DA:509,1
DA:510,1
DA:511,1
DA:513,1
DA:515,1
DA:516,1
DA:518,1
DA:525,3
DA:526,1
DA:529,2
DA:530,1
DA:533,1
DA:534,1
DA:536,1
DA:538,1
DA:549,1
DA:550,0
DA:553,1
DA:555,0
DA:559,1
DA:560,2
DA:561,2
DA:562,2
DA:563,1
DA:566,1
DA:567,2
DA:573,1
DA:574,1
DA:576,0
DA:580,1
DA:581,3
DA:583,3
DA:584,3
DA:589,2
DA:598,2
DA:607,2
DA:609,2
DA:611,2
DA:612,2
DA:621,2
DA:622,1
DA:625,1
DA:627,1
DA:628,1
LF:216
LH:169
BRDA:42,0,0,1
BRDA:42,0,1,1
BRDA:46,1,0,1
BRDA:46,1,1,0
BRDA:68,2,0,0
BRDA:68,2,1,1
BRDA:72,3,0,1
BRDA:72,3,1,0
BRDA:93,4,0,0
BRDA:93,4,1,0
BRDA:97,5,0,0
BRDA:97,5,1,0
BRDA:112,6,0,1
BRDA:112,6,1,3
BRDA:112,7,0,4
BRDA:112,7,1,3
BRDA:132,8,0,2
BRDA:132,8,1,1
BRDA:133,9,0,2
BRDA:133,9,1,0
BRDA:143,10,0,1
BRDA:143,10,1,1
BRDA:155,11,0,0
BRDA:155,11,1,0
BRDA:175,12,0,1
BRDA:175,12,1,2
BRDA:182,13,0,0
BRDA:182,13,1,2
BRDA:182,14,0,2
BRDA:182,14,1,2
BRDA:203,15,0,1
BRDA:203,15,1,1
BRDA:211,16,0,1
BRDA:211,16,1,0
BRDA:221,17,0,0
BRDA:221,17,1,1
BRDA:233,18,0,0
BRDA:233,18,1,0
BRDA:256,19,0,1
BRDA:256,19,1,1
BRDA:256,20,0,2
BRDA:256,20,1,1
BRDA:280,21,0,1
BRDA:280,21,1,1
BRDA:294,22,0,1
BRDA:294,22,1,3
BRDA:299,23,0,1
BRDA:299,23,1,2
BRDA:304,24,0,1
BRDA:304,24,1,1
BRDA:328,25,0,1
BRDA:328,25,1,1
BRDA:356,26,0,0
BRDA:356,26,1,5
BRDA:360,27,0,1
BRDA:360,27,1,4
BRDA:366,28,0,1
BRDA:366,28,1,3
BRDA:367,29,0,4
BRDA:367,29,1,4
BRDA:367,29,2,3
BRDA:367,29,3,3
BRDA:367,29,4,3
BRDA:376,30,0,1
BRDA:376,30,1,2
BRDA:376,31,0,3
BRDA:376,31,1,2
BRDA:396,32,0,0
BRDA:396,32,1,1
BRDA:408,33,0,0
BRDA:408,33,1,0
BRDA:408,34,0,0
BRDA:408,34,1,0
BRDA:418,35,0,0
BRDA:418,35,1,0
BRDA:418,36,0,0
BRDA:418,36,1,0
BRDA:428,37,0,0
BRDA:428,37,1,0
BRDA:440,38,0,0
BRDA:440,38,1,2
BRDA:440,39,0,2
BRDA:440,39,1,2
BRDA:452,40,0,1
BRDA:452,40,1,1
BRDA:452,41,0,2
BRDA:452,41,1,1
BRDA:461,42,0,0
BRDA:461,42,1,1
BRDA:485,43,0,1
BRDA:485,43,1,1
BRDA:505,44,0,0
BRDA:505,44,1,4
BRDA:508,45,0,1
BRDA:508,45,1,3
BRDA:508,46,0,4
BRDA:508,46,1,4
BRDA:515,47,0,1
BRDA:515,47,1,0
BRDA:525,48,0,1
BRDA:525,48,1,2
BRDA:525,49,0,3
BRDA:525,49,1,3
BRDA:525,49,2,2
BRDA:525,49,3,2
BRDA:529,50,0,1
BRDA:529,50,1,1
BRDA:529,51,0,2
BRDA:529,51,1,1
BRDA:549,52,0,0
BRDA:549,52,1,1
BRDA:562,53,0,1
BRDA:562,53,1,1
BRDA:621,54,0,1
BRDA:621,54,1,1
BRF:115
BRH:83
end_of_record
TN:
SF:router/engagement/engagementRouter.js
FN:13,(anonymous_0)
FNF:1
FNH:1
FNDA:4,(anonymous_0)
DA:8,1
DA:10,1
DA:11,1
DA:13,1
DA:14,4
DA:15,4
DA:16,4
DA:17,3
DA:18,3
DA:19,3
DA:24,3
DA:25,0
DA:36,3
DA:45,1
LF:14
LH:13
BRDA:17,0,0,3
BRDA:17,0,1,0
BRDA:24,1,0,0
BRDA:24,1,1,3
BRF:4
BRH:2
end_of_record
TN:
SF:router/inbox/inboxRouter.js
FN:14,(anonymous_0)
FN:41,(anonymous_1)
FN:60,(anonymous_2)
FN:102,(anonymous_3)
FN:126,(anonymous_4)
FNF:5
FNH:5
FNDA:2,(anonymous_0)
FNDA:2,(anonymous_1)
FNDA:3,(anonymous_2)
FNDA:2,(anonymous_3)
FNDA:3,(anonymous_4)
DA:10,1
DA:12,1
DA:14,1
DA:15,2
DA:16,2
DA:17,2
DA:19,2
DA:20,2
DA:21,1
DA:22,1
DA:25,1
DA:26,1
DA:27,1
DA:28,1
DA:33,1
DA:35,1
DA:37,0
DA:41,1
DA:42,2
DA:43,2
DA:44,2
DA:50,2
DA:51,1
DA:54,1
DA:56,0
DA:60,1
DA:61,3
DA:62,3
DA:63,3
DA:64,3
DA:65,3
DA:66,3
DA:75,3
DA:76,1
DA:82,2
DA:88,2
DA:96,0
DA:102,1
DA:103,2
DA:104,2
DA:105,2
DA:106,2
DA:111,1
DA:118,1
DA:120,1
DA:122,1
DA:126,1
DA:127,3
DA:128,3
DA:130,3
DA:131,3
DA:136,3
DA:142,3
DA:143,3
DA:144,3
DA:145,3
DA:147,3
DA:148,2
DA:153,2
DA:154,1
DA:159,1
DA:161,1
DA:163,0
LF:63
LH:59
BRDA:20,0,0,1
BRDA:20,0,1,1
BRDA:50,1,0,1
BRDA:50,1,1,1
BRDA:62,2,0,3
BRDA:62,2,1,2
BRDA:75,3,0,1
BRDA:75,3,1,2
BRDA:118,4,0,1
BRDA:118,4,1,0
BRDA:144,5,0,3
BRDA:144,5,1,3
BRDA:145,6,0,3
BRDA:145,6,1,0
BRDA:147,7,0,2
BRDA:147,7,1,1
BRDA:153,8,0,1
BRDA:153,8,1,1
BRF:18
BRH:16
end_of_record
TN:
SF:router/reply/replyRouter.js
FN:8,(anonymous_0)
FNF:1
FNH:1
FNDA:5,(anonymous_0)
DA:5,1
DA:8,1
DA:9,5
DA:11,5
DA:12,5
DA:13,5
DA:23,2
DA:27,3
DA:28,3
DA:42,2
DA:43,1
DA:45,1
DA:48,1
LF:13
LH:13
BRDA:13,0,0,2
BRDA:13,0,1,3
BRDA:14,1,0,5
BRDA:14,1,1,5
BRDA:14,1,2,4
BRDA:14,1,3,4
BRDA:14,1,4,4
BRDA:14,1,5,4
BRDA:14,1,6,3
BRDA:14,1,7,3
BRDA:42,2,0,1
BRDA:42,2,1,1
BRF:12
BRH:12
end_of_record
TN:
SF:router/repository/repositoryRouter.js
FN:18,(anonymous_0)
FN:26,(anonymous_1)
FN:30,(anonymous_2)
FN:33,(anonymous_3)
FN:36,(anonymous_4)
FN:38,(anonymous_5)
FN:48,(anonymous_6)
FN:49,(anonymous_7)
FN:100,(anonymous_8)
FN:139,(anonymous_9)
FNF:10
FNH:10
FNDA:7,(anonymous_0)
FNDA:5,(anonymous_1)
FNDA:5,(anonymous_2)
FNDA:2,(anonymous_3)
FNDA:2,(anonymous_4)
FNDA:2,(anonymous_5)
FNDA:3,(anonymous_6)
FNDA:3,(anonymous_7)
FNDA:1,(anonymous_8)
FNDA:3,(anonymous_9)
DA:8,1
DA:10,1
DA:11,1
DA:15,1
DA:18,1
DA:19,7
DA:20,7
DA:21,7
DA:23,7
DA:24,7
DA:26,7
DA:27,5
DA:30,7
DA:31,5
DA:33,7
DA:34,2
DA:35,2
DA:36,2
DA:38,2
DA:40,2
DA:43,7
DA:48,3
DA:49,3
DA:58,7
DA:59,7
DA:60,0
DA:65,7
DA:67,7
DA:68,7
DA:70,7
DA:71,7
DA:72,3
DA:77,3
DA:78,3
DA:79,1
DA:82,2
DA:92,2
DA:93,1
DA:96,1
DA:97,1
DA:98,1
DA:100,1
DA:102,1
DA:104,1
DA:106,1
DA:108,1
DA:111,1
DA:112,1
DA:114,1
DA:117,4
DA:124,4
DA:125,4
DA:126,4
DA:128,4
DA:130,4
DA:131,3
DA:133,3
DA:135,1
DA:139,1
DA:140,3
DA:141,3
DA:142,3
DA:146,3
DA:147,3
DA:148,1
DA:153,2
DA:155,2
DA:157,2
DA:163,2
DA:164,1
DA:167,1
DA:169,0
LF:72
LH:70
BRDA:27,0,0,5
BRDA:27,0,1,0
BRDA:30,1,0,5
BRDA:31,2,0,0
BRDA:31,2,1,5
BRDA:34,3,0,0
BRDA:34,3,1,2
BRDA:34,4,0,2
BRDA:34,4,1,0
BRDA:49,5,0,3
BRDA:49,5,1,3
BRDA:59,6,0,0
BRDA:59,6,1,7
BRDA:71,7,0,3
BRDA:71,7,1,4
BRDA:78,8,0,1
BRDA:78,8,1,2
BRDA:92,9,0,1
BRDA:92,9,1,1
BRDA:100,10,0,1
BRDA:100,10,1,0
BRDA:102,11,0,1
BRDA:102,11,1,0
BRDA:102,11,2,0
BRDA:104,12,0,1
BRDA:104,12,1,0
BRDA:104,12,2,0
BRDA:106,13,0,1
BRDA:106,13,1,0
BRDA:106,13,2,0
BRDA:108,14,0,1
BRDA:108,14,1,1
BRDA:108,14,2,1
BRDA:124,15,0,1
BRDA:124,15,1,3
BRDA:125,16,0,1
BRDA:125,16,1,3
BRDA:126,17,0,0
BRDA:126,17,1,4
BRDA:131,18,0,0
BRDA:131,18,1,3
BRDA:133,19,0,3
BRDA:133,19,1,0
BRDA:147,20,0,1
BRDA:147,20,1,2
BRDA:163,21,0,1
BRDA:163,21,1,1
BRF:47
BRH:32
end_of_record
TN:
SF:router/saved/savedRouter.js
FN:6,(anonymous_0)
FN:19,(anonymous_1)
FN:26,(anonymous_2)
FN:52,(anonymous_3)
FN:82,(anonymous_4)
FN:127,(anonymous_5)
FNF:6
FNH:6
FNDA:2,(anonymous_0)
FNDA:2,(anonymous_1)
FNDA:2,(anonymous_2)
FNDA:2,(anonymous_3)
FNDA:2,(anonymous_4)
FNDA:2,(anonymous_5)
DA:4,1
DA:6,1
DA:7,2
DA:8,2
DA:10,2
DA:15,2
DA:16,1
DA:19,2
DA:20,1
DA:22,0
DA:26,1
DA:27,2
DA:28,2
DA:29,2
DA:30,2
DA:31,2
DA:32,2
DA:34,2
DA:39,2
DA:40,1
DA:43,1
DA:45,0
DA:49,1
DA:53,2
DA:54,2
DA:55,2
DA:56,2
DA:57,2
DA:64,2
DA:65,1
DA:71,1
DA:75,0
DA:82,1
DA:83,2
DA:84,2
DA:95,2
DA:96,2
DA:97,2
DA:113,2
DA:114,1
DA:118,1
DA:120,0
DA:124,1
DA:128,2
DA:129,2
DA:131,2
DA:132,0
DA:136,2
DA:137,2
DA:143,2
DA:144,1
DA:148,1
DA:152,0
LF:53
LH:47
BRDA:15,0,0,1
BRDA:15,0,1,1
BRDA:28,1,0,2
BRDA:28,1,1,1
BRDA:39,2,0,1
BRDA:39,2,1,1
BRDA:64,3,0,1
BRDA:64,3,1,1
BRDA:113,4,0,1
BRDA:113,4,1,1
BRDA:131,5,0,0
BRDA:131,5,1,2
BRDA:131,6,0,2
BRDA:131,6,1,2
BRDA:143,7,0,1
BRDA:143,7,1,1
BRF:16
BRH:15
end_of_record
TN:
SF:router/send/sendRouter.js
FN:12,(anonymous_0)
FN:21,(anonymous_1)
FN:42,(anonymous_2)
FN:50,(anonymous_3)
FN:72,(anonymous_4)
FN:80,(anonymous_5)
FN:103,(anonymous_6)
FN:134,(anonymous_7)
FN:159,(anonymous_8)
FN:176,(anonymous_9)
FN:193,(anonymous_10)
FN:215,(anonymous_11)
FN:247,(anonymous_12)
FNF:13
FNH:13
FNDA:2,(anonymous_0)
FNDA:7,(anonymous_1)
FNDA:2,(anonymous_2)
FNDA:7,(anonymous_3)
FNDA:2,(anonymous_4)
FNDA:7,(anonymous_5)
FNDA:3,(anonymous_6)
FNDA:7,(anonymous_7)
FNDA:2,(anonymous_8)
FNDA:2,(anonymous_9)
FNDA:1,(anonymous_10)
FNDA:2,(anonymous_11)
FNDA:3,(anonymous_12)
DA:10,1
DA:12,1
DA:13,2
DA:15,2
DA:16,1
DA:19,2
DA:20,2
DA:21,7
DA:35,2
DA:36,2
DA:38,1
DA:42,1
DA:43,2
DA:44,2
DA:45,1
DA:48,2
DA:49,2
DA:50,7
DA:65,2
DA:66,2
DA:68,1
DA:72,1
DA:73,2
DA:75,2
DA:76,1
DA:78,2
DA:79,2
DA:80,7
DA:96,2
DA:97,2
DA:99,1
DA:103,1
DA:111,3
DA:112,3
DA:113,1
DA:116,3
DA:117,3
DA:119,3
DA:127,1
DA:132,2
DA:133,2
DA:134,7
DA:152,2
DA:153,2
DA:155,1
DA:159,1
DA:160,2
DA:161,2
DA:162,2
DA:166,2
DA:167,1
DA:170,1
DA:172,0
DA:176,1
DA:177,2
DA:178,2
DA:180,2
DA:181,2
DA:186,1
DA:191,1
DA:192,1
DA:193,1
DA:195,1
DA:196,0
DA:199,1
DA:200,0
DA:202,1
DA:203,1
DA:204,1
DA:205,1
DA:211,1
DA:215,1
DA:216,2
DA:217,2
DA:218,2
DA:219,2
DA:220,2
DA:224,1
DA:231,1
DA:237,1
DA:241,1
DA:247,1
DA:248,3
DA:249,3
DA:250,3
DA:251,3
DA:256,2
DA:261,2
DA:266,2
DA:267,1
DA:270,1
DA:272,1
LF:92
LH:89
BRDA:15,0,0,1
BRDA:15,0,1,1
BRDA:44,1,0,1
BRDA:44,1,1,1
BRDA:75,2,0,1
BRDA:75,2,1,1
BRDA:112,3,0,1
BRDA:112,3,1,2
BRDA:119,4,0,1
BRDA:119,4,1,2
BRDA:120,5,0,3
BRDA:120,5,1,3
BRDA:120,5,2,3
BRDA:120,5,3,3
BRDA:120,5,4,3
BRDA:120,5,5,2
BRDA:166,6,0,1
BRDA:166,6,1,1
BRDA:195,7,0,0
BRDA:195,7,1,1
BRDA:199,8,0,0
BRDA:199,8,1,1
BRDA:266,9,0,1
BRDA:266,9,1,1
BRF:24
BRH:22
end_of_record
TN:
SF:router/snippet/snippetRouter.js
FN:9,cleanSnippetPlaceholders
FN:14,removeBracketPlaceholders
FN:19,(anonymous_2)
FN:63,(anonymous_3)
FNF:4
FNH:4
FNDA:3,cleanSnippetPlaceholders
FNDA:2,removeBracketPlaceholders
FNDA:5,(anonymous_2)
FNDA:5,(anonymous_3)
DA:7,1
DA:10,3
DA:11,3
DA:15,2
DA:16,2
DA:19,1
DA:20,5
DA:22,5
DA:23,1
DA:28,4
DA:30,4
DA:32,4
DA:33,1
DA:36,3
DA:37,3
DA:38,3
DA:39,3
DA:41,3
DA:52,3
DA:53,1
DA:56,2
DA:57,2
DA:59,0
DA:63,1
DA:64,5
DA:65,5
DA:67,5
DA:68,1
DA:73,4
DA:74,1
DA:77,3
DA:78,1
DA:81,2
DA:82,2
DA:84,2
DA:85,2
DA:86,2
DA:89,2
DA:95,2
DA:96,1
DA:99,1
DA:100,1
DA:102,1
DA:108,1
DA:109,0
DA:112,1
DA:115,1
DA:116,1
DA:117,1
DA:120,1
DA:126,1
DA:127,1
DA:130,1
DA:133,1
DA:135,0
LF:55
LH:52
BRDA:10,0,0,0
BRDA:10,0,1,3
BRDA:15,1,0,0
BRDA:15,1,1,2
BRDA:22,2,0,1
BRDA:22,2,1,4
BRDA:32,3,0,1
BRDA:32,3,1,3
BRDA:52,4,0,1
BRDA:52,4,1,2
BRDA:67,5,0,1
BRDA:67,5,1,4
BRDA:73,6,0,1
BRDA:73,6,1,3
BRDA:73,7,0,4
BRDA:73,7,1,3
BRDA:77,8,0,1
BRDA:77,8,1,2
BRDA:77,9,0,3
BRDA:77,9,1,2
BRDA:95,10,0,1
BRDA:95,10,1,1
BRDA:100,11,0,1
BRDA:100,11,1,0
BRDA:108,12,0,0
BRDA:108,12,1,1
BRDA:112,13,0,1
BRDA:112,13,1,0
BRDA:116,14,0,1
BRDA:116,14,1,0
BRDA:126,15,0,1
BRDA:126,15,1,0
BRF:32
BRH:25
end_of_record
TN:
SF:router/storage/storageRouter.js
FN:17,(anonymous_0)
FN:63,(anonymous_1)
FN:110,(anonymous_2)
FN:146,(anonymous_3)
FN:181,(anonymous_4)
FNF:5
FNH:5
FNDA:5,(anonymous_0)
FNDA:2,(anonymous_1)
FNDA:2,(anonymous_2)
FNDA:3,(anonymous_3)
FNDA:5,(anonymous_4)
DA:15,1
DA:17,1
DA:18,5
DA:19,5
DA:20,1
DA:25,4
DA:26,4
DA:27,4
DA:28,1
DA:33,3
DA:35,3
DA:36,3
DA:42,2
DA:50,2
DA:51,1
DA:54,1
DA:56,1
DA:60,1
DA:64,2
DA:66,2
DA:67,0
DA:72,2
DA:74,2
DA:76,2
DA:77,1
DA:82,1
DA:84,1
DA:85,1
DA:91,1
DA:99,1
DA:100,0
DA:103,1
DA:105,0
DA:110,1
DA:111,2
DA:113,2
DA:114,0
DA:119,2
DA:121,2
DA:122,2
DA:128,2
DA:129,1
DA:132,1
DA:133,1
DA:135,1
DA:142,0
DA:146,1
DA:147,3
DA:149,3
DA:150,0
DA:155,3
DA:157,3
DA:158,3
DA:159,1
DA:164,2
DA:165,2
DA:166,2
DA:172,1
DA:174,1
DA:178,1
DA:182,5
DA:184,5
DA:185,0
DA:188,5
DA:190,5
DA:192,5
DA:193,2
DA:198,3
DA:200,3
DA:201,3
DA:204,2
DA:208,2
DA:214,2
DA:215,1
DA:218,1
DA:220,1
LF:76
LH:69
BRDA:19,0,0,1
BRDA:19,0,1,4
BRDA:27,1,0,1
BRDA:27,1,1,3
BRDA:50,2,0,1
BRDA:50,2,1,1
BRDA:66,3,0,0
BRDA:66,3,1,2
BRDA:76,4,0,1
BRDA:76,4,1,1
BRDA:99,5,0,0
BRDA:99,5,1,1
BRDA:113,6,0,0
BRDA:113,6,1,2
BRDA:128,7,0,1
BRDA:128,7,1,1
BRDA:149,8,0,0
BRDA:149,8,1,3
BRDA:158,9,0,1
BRDA:158,9,1,2
BRDA:184,10,0,0
BRDA:184,10,1,5
BRDA:192,11,0,2
BRDA:192,11,1,3
BRDA:204,12,0,2
BRDA:204,12,1,0
BRDA:214,13,0,1
BRDA:214,13,1,1
BRF:28
BRH:22
end_of_record
TN:
SF:schema/authSchema.js
FNF:0
FNH:0
DA:3,3
LF:1
LH:1
BRF:0
BRH:0
end_of_record
TN:
SF:schema/snippetSchema.js
FNF:0
FNH:0
DA:3,2
LF:1
LH:1
BRF:0
BRH:0
end_of_record
TN:
SF:schema/storageSchema.js
FN:9,(anonymous_0)
FN:17,(anonymous_1)
FN:29,(anonymous_2)
FNF:3
FNH:3
FNDA:17,(anonymous_0)
FNDA:15,(anonymous_1)
FNDA:10,(anonymous_2)
DA:3,2
DA:9,17
DA:17,15
DA:22,2
DA:29,10
LF:5
LH:5
BRDA:9,0,0,17
BRDA:9,0,1,14
BRDA:17,1,0,15
BRDA:17,1,1,14
BRDA:29,2,0,10
BRDA:29,2,1,8
BRF:6
BRH:6
end_of_record
TN:
SF:services/authServices.js
FN:26,safeEquals
FN:37,encryptToken
FN:47,decryptToken
FN:58,generateEmbeddings
FN:70,verifyServerlessCron
FN:96,verifyPubSubJwt
FN:120,verifyToken
FNF:7
FNH:7
FNDA:2,safeEquals
FNDA:3,encryptToken
FNDA:2,decryptToken
FNDA:2,generateEmbeddings
FNDA:5,verifyServerlessCron
FNDA:4,verifyPubSubJwt
FNDA:4,verifyToken
DA:10,1
DA:13,1
DA:14,1
DA:15,1
DA:16,1
DA:17,1
DA:19,1
DA:20,1
DA:22,1
DA:27,2
DA:29,2
DA:30,2
DA:32,2
DA:34,1
DA:38,3
DA:39,3
DA:40,3
DA:42,0
DA:48,2
DA:49,2
DA:50,2
DA:51,2
DA:53,0
DA:59,2
DA:60,2
DA:64,1
DA:66,1
DA:71,5
DA:72,5
DA:73,5
DA:74,5
DA:75,5
DA:76,5
DA:77,5
DA:78,5
DA:79,1
DA:82,4
DA:83,2
DA:85,2
DA:86,2
DA:87,1
DA:90,1
DA:92,0
DA:97,4
DA:98,4
DA:99,4
DA:100,1
DA:103,3
DA:104,3
DA:105,3
DA:106,3
DA:108,3
DA:109,1
DA:112,2
DA:113,1
DA:116,1
DA:121,4
DA:123,4
DA:124,1
DA:127,3
DA:128,3
DA:129,1
DA:132,2
DA:133,2
DA:137,1
DA:145,1
DA:146,1
DA:147,1
DA:149,1
DA:151,1
LF:70
LH:67
BRDA:27,0,0,0
BRDA:27,0,1,2
BRDA:27,1,0,2
BRDA:27,1,1,2
BRDA:32,2,0,1
BRDA:32,2,1,1
BRDA:78,3,0,1
BRDA:78,3,1,4
BRDA:78,4,0,5
BRDA:78,4,1,4
BRDA:82,5,0,2
BRDA:82,5,1,2
BRDA:82,6,0,4
BRDA:82,6,1,3
BRDA:86,7,0,1
BRDA:86,7,1,1
BRDA:97,8,0,4
BRDA:97,8,1,1
BRDA:99,9,0,1
BRDA:99,9,1,3
BRDA:108,10,0,1
BRDA:108,10,1,2
BRDA:112,11,0,1
BRDA:112,11,1,1
BRDA:123,12,0,1
BRDA:123,12,1,3
BRDA:128,13,0,1
BRDA:128,13,1,2
BRF:28
BRH:27
end_of_record
TN:
SF:services/emailServices.js
FN:17,getHeader
FN:19,(anonymous_1)
FN:24,generateDraftFromSnippetEmail
FN:102,generateDraftEmail
FN:158,sendSnippetEmail
FN:207,(anonymous_5)
FN:209,(anonymous_6)
FN:294,sendSnippetEmailWithAttachments
FN:404,(anonymous_8)
FN:406,(anonymous_9)
FN:491,sendReply
FNF:11
FNH:11
FNDA:2,getHeader
FNDA:2,(anonymous_1)
FNDA:6,generateDraftFromSnippetEmail
FNDA:4,generateDraftEmail
FNDA:4,sendSnippetEmail
FNDA:1,(anonymous_5)
FNDA:2,(anonymous_6)
FNDA:7,sendSnippetEmailWithAttachments
FNDA:2,(anonymous_8)
FNDA:4,(anonymous_9)
FNDA:2,sendReply
DA:11,1
DA:13,1
DA:14,1
DA:15,1
DA:18,2
DA:19,2
DA:30,6
DA:32,6
DA:33,2
DA:36,4
DA:38,4
DA:46,4
DA:47,4
DA:48,3
DA:55,3
DA:56,1
DA:59,2
DA:60,2
DA:62,2
DA:63,2
DA:65,2
DA:73,2
DA:78,2
DA:92,2
DA:93,1
DA:96,1
DA:98,1
DA:108,4
DA:110,4
DA:111,1
DA:113,3
DA:114,3
DA:118,3
DA:119,3
DA:121,2
DA:129,2
DA:134,2
DA:148,2
DA:149,1
DA:152,1
DA:154,1
DA:166,4
DA:175,1
DA:178,3
DA:184,3
DA:185,3
DA:187,3
DA:193,3
DA:194,1
DA:197,2
DA:199,2
DA:204,1
DA:206,1
DA:207,1
DA:208,1
DA:209,2
DA:212,1
DA:213,0
DA:216,1
DA:217,0
DA:220,1
DA:221,1
DA:222,1
DA:223,1
DA:225,1
DA:227,1
DA:235,1
DA:241,1
DA:247,1
DA:252,1
DA:253,0
DA:256,1
DA:261,1
DA:276,1
DA:277,0
DA:280,1
DA:288,1
DA:290,2
DA:304,7
DA:313,1
DA:316,6
DA:322,6
DA:323,6
DA:325,6
DA:331,6
DA:337,6
DA:338,1
DA:341,5
DA:342,2
DA:345,3
DA:346,1
DA:349,2
DA:350,0
DA:353,2
DA:355,2
DA:356,2
DA:357,2
DA:362,2
DA:368,0
DA:372,2
DA:373,1
DA:374,1
DA:380,1
DA:386,0
DA:390,2
DA:391,0
DA:394,2
DA:396,2
DA:401,2
DA:403,2
DA:404,2
DA:405,2
DA:406,4
DA:409,2
DA:410,0
DA:413,2
DA:414,0
DA:417,2
DA:418,2
DA:419,2
DA:420,2
DA:422,2
DA:424,2
DA:433,2
DA:439,2
DA:444,2
DA:449,2
DA:450,0
DA:453,2
DA:458,2
DA:473,2
DA:474,0
DA:477,2
DA:485,2
DA:487,4
DA:503,2
DA:504,2
DA:507,2
DA:514,2
DA:517,2
DA:523,2
DA:525,2
DA:536,2
DA:545,1
DA:559,1
DA:560,0
DA:563,1
DA:565,1
LF:148
LH:135
BRDA:17,0,0,0
BRDA:19,1,0,2
BRDA:19,1,1,0
BRDA:19,2,0,2
BRDA:19,2,1,0
BRDA:32,3,0,2
BRDA:32,3,1,4
BRDA:32,4,0,6
BRDA:32,4,1,5
BRDA:32,4,2,4
BRDA:32,4,3,4
BRDA:32,4,4,4
BRDA:55,5,0,1
BRDA:55,5,1,2
BRDA:92,6,0,1
BRDA:92,6,1,1
BRDA:110,7,0,1
BRDA:110,7,1,3
BRDA:110,8,0,4
BRDA:110,8,1,4
BRDA:110,8,2,3
BRDA:110,8,3,3
BRDA:110,8,4,3
BRDA:110,8,5,3
BRDA:148,9,0,1
BRDA:148,9,1,1
BRDA:166,10,0,1
BRDA:166,10,1,3
BRDA:167,11,0,4
BRDA:167,11,1,4
BRDA:167,11,2,3
BRDA:167,11,3,3
BRDA:167,11,4,3
BRDA:167,11,5,3
BRDA:167,11,6,3
BRDA:193,12,0,1
BRDA:193,12,1,2
BRDA:212,13,0,0
BRDA:212,13,1,1
BRDA:216,14,0,0
BRDA:216,14,1,1
BRDA:252,15,0,0
BRDA:252,15,1,1
BRDA:276,16,0,0
BRDA:276,16,1,1
BRDA:276,17,0,1
BRDA:276,17,1,1
BRDA:304,18,0,1
BRDA:304,18,1,6
BRDA:305,19,0,7
BRDA:305,19,1,7
BRDA:305,19,2,6
BRDA:305,19,3,6
BRDA:305,19,4,6
BRDA:305,19,5,6
BRDA:305,19,6,6
BRDA:337,20,0,1
BRDA:337,20,1,5
BRDA:341,21,0,2
BRDA:341,21,1,3
BRDA:341,22,0,5
BRDA:341,22,1,2
BRDA:345,23,0,1
BRDA:345,23,1,2
BRDA:345,24,0,3
BRDA:345,24,1,3
BRDA:345,25,0,3
BRDA:345,25,1,2
BRDA:349,26,0,0
BRDA:349,26,1,2
BRDA:349,27,0,2
BRDA:349,27,1,1
BRDA:349,28,0,1
BRDA:349,28,1,1
BRDA:355,29,0,2
BRDA:355,29,1,0
BRDA:355,30,0,2
BRDA:355,30,1,2
BRDA:355,30,2,2
BRDA:372,31,0,1
BRDA:372,31,1,1
BRDA:372,32,0,2
BRDA:372,32,1,2
BRDA:372,32,2,2
BRDA:390,33,0,0
BRDA:390,33,1,2
BRDA:409,34,0,0
BRDA:409,34,1,2
BRDA:413,35,0,0
BRDA:413,35,1,2
BRDA:449,36,0,0
BRDA:449,36,1,2
BRDA:473,37,0,0
BRDA:473,37,1,2
BRDA:473,38,0,2
BRDA:473,38,1,2
BRDA:559,39,0,0
BRDA:559,39,1,1
BRF:98
BRH:83
end_of_record
TN:
SF:services/googleServices.js
FN:14,decodeBody
FN:24,configureOAuth
FN:77,getDriveFileBuffer
FN:85,makeBody
FN:104,(anonymous_4)
FN:105,(anonymous_5)
FN:121,makeReplyBody
FN:150,(anonymous_7)
FN:151,(anonymous_8)
FNF:9
FNH:9
FNDA:3,decodeBody
FNDA:3,configureOAuth
FNDA:2,getDriveFileBuffer
FNDA:3,makeBody
FNDA:3,(anonymous_4)
FNDA:3,(anonymous_5)
FNDA:2,makeReplyBody
FNDA:2,(anonymous_7)
FNDA:2,(anonymous_8)
DA:6,1
DA:8,1
DA:15,3
DA:16,3
DA:17,3
DA:19,3
DA:20,3
DA:21,3
DA:25,3
DA:26,3
DA:32,3
DA:33,1
DA:36,2
DA:37,2
DA:39,2
DA:40,0
DA:43,2
DA:48,2
DA:50,2
DA:52,2
DA:54,2
DA:59,2
DA:60,0
DA:63,2
DA:64,1
DA:65,1
DA:66,1
DA:69,1
DA:70,1
DA:72,1
DA:73,1
DA:78,2
DA:82,1
DA:93,3
DA:94,3
DA:95,3
DA:104,3
DA:105,3
DA:106,3
DA:107,0
DA:110,3
DA:116,3
DA:131,2
DA:132,2
DA:133,2
DA:134,2
DA:136,2
DA:137,1
DA:138,1
DA:141,2
DA:142,2
DA:150,2
DA:151,2
DA:152,2
DA:154,2
DA:160,2
LF:56
LH:53
BRDA:24,0,0,2
BRDA:32,1,0,1
BRDA:32,1,1,2
BRDA:32,2,0,3
BRDA:32,2,1,2
BRDA:39,3,0,0
BRDA:39,3,1,2
BRDA:59,4,0,0
BRDA:59,4,1,2
BRDA:63,5,0,1
BRDA:63,5,1,1
BRDA:91,6,0,2
BRDA:93,7,0,2
BRDA:93,7,1,1
BRDA:106,8,0,0
BRDA:106,8,1,3
BRDA:129,9,0,2
BRDA:131,10,0,2
BRDA:131,10,1,0
BRDA:136,11,0,1
BRDA:136,11,1,1
BRDA:152,12,0,0
BRDA:152,12,1,2
BRF:23
BRH:18
end_of_record
TN:
SF:services/storageServices.js
FN:12,generateUploadPresignedURL
FN:40,generateGetPresignedURL
FN:59,deleteFile
FNF:3
FNH:3
FNDA:4,generateUploadPresignedURL
FNDA:3,generateGetPresignedURL
FNDA:3,deleteFile
DA:5,1
DA:7,1
DA:17,4
DA:18,4
DA:19,2
DA:22,2
DA:24,2
DA:30,2
DA:31,1
DA:34,1
DA:36,3
DA:41,3
DA:42,3
DA:43,1
DA:46,2
DA:50,2
DA:51,1
DA:53,1
DA:55,2
DA:60,3
DA:61,3
DA:62,1
DA:64,2
DA:68,2
DA:69,1
DA:72,2
LF:26
LH:26
BRDA:18,0,0,2
BRDA:18,0,1,2
BRDA:18,1,0,4
BRDA:18,1,1,3
BRDA:18,1,2,2
BRDA:30,2,0,1
BRDA:30,2,1,1
BRDA:42,3,0,1
BRDA:42,3,1,2
BRDA:42,4,0,3
BRDA:42,4,1,3
BRDA:42,4,2,2
BRDA:50,5,0,1
BRDA:50,5,1,1
BRDA:61,6,0,1
BRDA:61,6,1,2
BRDA:61,7,0,3
BRDA:61,7,1,3
BRDA:61,7,2,2
BRDA:68,8,0,1
BRDA:68,8,1,1
BRF:21
BRH:21
end_of_record
